#
# A fatal error has been detected by the Java Runtime Environment:
#
#  SIGSEGV (0xb) at pc=0x00007fff76bb6060, pid=4972, tid=0x0000000000009657
#
# JRE version: Java(TM) SE Runtime Environment (8.0_181-b13) (build 1.8.0_181-b13)
# Java VM: Java HotSpot(TM) 64-Bit Server VM (25.181-b13 mixed mode bsd-amd64 compressed oops)
# Problematic frame:
# C  [libsystem_platform.dylib+0x5060]  _platform_memmove$VARIANT$Haswell+0x140
#
# Failed to write core dump. Core dumps have been disabled. To enable core dumping, try "ulimit -c unlimited" before starting Java again
#
# If you would like to submit a bug report, please visit:
#   http://bugreport.java.com/bugreport/crash.jsp
# The crash happened outside the Java Virtual Machine in native code.
# See problematic frame for where to report the bug.
#

---------------  T H R E A D  ---------------

Current thread (0x00007fb5ccf74000):  JavaThread "qtp1622899093-823" [_thread_in_native, id=38487, stack(0x0000700009fe0000,0x000070000a0e0000)]

siginfo: si_signo: 11 (SIGSEGV), si_code: 1 (SEGV_MAPERR), si_addr: 0x000000010e141000

Registers:
RAX=0x00007fb5cc4f2c00, RBX=0x000000010e13eb3c, RCX=0x0000000000000020, RDX=0x0000000000000760
RSP=0x000070000a0dd570, RBP=0x000070000a0dd570, RSI=0x000000010e140fca, RDI=0x00007fb5cc4f5060
R8 =0x00007fb5cc6c3e00, R9 =0x0000000000008003, R10=0x00007fb5cc000000, R11=0x00007fb4be3b4096
R12=0x00000000001b7949, R13=0x0000000000060b81, R14=0x0000000000766c00, R15=0x0000000000000000
RIP=0x00007fff76bb6060, EFLAGS=0x0000000000010206, ERR=0x0000000000000004
  TRAPNO=0x000000000000000e

Top of Stack: (sp=0x000070000a0dd570)
0x000070000a0dd570:   000070000a0dd5e0 0000000108120006
0x000070000a0dd580:   000000000a0dd5e0 0000000000000000
0x000070000a0dd590:   0000000000000000 00007fb5cc4f2c00
0x000070000a0dd5a0:   0000000000002c00 00007fb5ca089ab0
0x000070000a0dd5b0:   00007fb5cdbbaf80 00007fb5ca089ab0
0x000070000a0dd5c0:   00007fb5cc6a5a00 00000000000000e0
0x000070000a0dd5d0:   00000000f86bd8cd 00007fb5cdc839f0
0x000070000a0dd5e0:   000070000a0dd640 000000010812052d
0x000070000a0dd5f0:   000070000a0dd68b 000070000a0dd68a
0x000070000a0dd600:   0000002b00000000 0000002c01f74000
0x000070000a0dd610:   000070000a0dd65e 000070000a0ddaa8
0x000070000a0dd620:   000000000000002c 000070000a0dd65e
0x000070000a0dd630:   00007fb5ca089ab0 00007fb5ccf741f8
0x000070000a0dd640:   000070000a0dda90 000000010811f238
0x000070000a0dd650:   00000000ee56ec1d 454d000100000001
0x000070000a0dd660:   722f464e492d4154 73656372756f7365
0x000070000a0dd670:   6e65746e6f72662f 6f43646972672f64
0x000070000a0dd680:   2e726f7463656e6e 00007fb5cc00736a
0x000070000a0dd690:   000070000a0dd900 0000000000000001
0x000070000a0dd6a0:   0000000109e3f4d0 00007f0000000061
0x000070000a0dd6b0:   00007fb5ccf74000 00007fb5ccf74000
0x000070000a0dd6c0:   0000000109e40e20 00007fb5ccf74000
0x000070000a0dd6d0:   0000000109e40e20 0000000109e40e20
0x000070000a0dd6e0:   000070000a0dd710 0000000106973452
0x000070000a0dd6f0:   00007fb5ccf74000 00007fb5ccf74000
0x000070000a0dd700:   00000000d823a347 0000000000000071
0x000070000a0dd710:   000070000a0dd8f0 000000010ed92e1e
0x000070000a0dd720:   0000000d00000000 00007fb5cd1f5d6a
0x000070000a0dd730:   000070000a0dd830 0000000106902790
0x000070000a0dd740:   00000006c08e3718 0000000100000017
0x000070000a0dd750:   00000001272b62c0 0000000109fba080
0x000070000a0dd760:   0000000772b75d08 000000070000001c 

Instructions: (pc=0x00007fff76bb6060)
0x00007fff76bb6040:   80 00 00 00 76 5a 48 f7 c6 1f 00 00 00 74 31 c5
0x00007fff76bb6050:   fc 29 0f c5 fc 29 57 20 48 83 c7 40 c5 fc 10 0e
0x00007fff76bb6060:   c5 fc 10 56 20 48 83 c6 40 48 83 ea 40 77 e0 eb
0x00007fff76bb6070:   2f 66 66 66 66 66 66 2e 0f 1f 84 00 00 00 00 00 

Register to memory mapping:

RAX=0x00007fb5cc4f2c00 is an unknown value
RBX=0x000000010e13eb3c is an unknown value
RCX=0x0000000000000020 is an unknown value
RDX=0x0000000000000760 is an unknown value
RSP=0x000070000a0dd570 is pointing into the stack for thread: 0x00007fb5ccf74000
RBP=0x000070000a0dd570 is pointing into the stack for thread: 0x00007fb5ccf74000
RSI=0x000000010e140fca is an unknown value
RDI=0x00007fb5cc4f5060 is an unknown value
R8 =0x00007fb5cc6c3e00 is an unknown value
R9 =0x0000000000008003 is an unknown value
R10=0x00007fb5cc000000 is an unknown value
R11=0x00007fb4be3b4096 is an unknown value
R12=0x00000000001b7949 is an unknown value
R13=0x0000000000060b81 is an unknown value
R14=0x0000000000766c00 is an unknown value
R15=0x0000000000000000 is an unknown value


Stack: [0x0000700009fe0000,0x000070000a0e0000],  sp=0x000070000a0dd570,  free space=1013k
Native frames: (J=compiled Java code, j=interpreted, Vv=VM code, C=native code)
C  [libsystem_platform.dylib+0x5060]  _platform_memmove$VARIANT$Haswell+0x140
C  [libzip.dylib+0x3006]  newEntry+0x2c8
C  [libzip.dylib+0x352d]  ZIP_GetEntry2+0xd4
C  [libzip.dylib+0x2238]  Java_java_util_zip_ZipFile_getEntry+0xcf
J 238  java.util.zip.ZipFile.getEntry(J[BZ)J (0 bytes) @ 0x000000010ee49dce [0x000000010ee49d00+0xce]
J 5992 C2 java.util.zip.ZipFile.getEntry(Ljava/lang/String;)Ljava/util/zip/ZipEntry; (101 bytes) @ 0x000000010f96d0fc [0x000000010f96cd40+0x3bc]
J 5757 C2 sun.net.www.protocol.jar.URLJarFile.getEntry(Ljava/lang/String;)Ljava/util/zip/ZipEntry; (69 bytes) @ 0x000000010eef5840 [0x000000010eef5800+0x40]
j  sun.net.www.protocol.jar.JarURLConnection.connect()V+78
J 5850 C1 sun.net.www.protocol.jar.JarURLConnection.getInputStream()Ljava/io/InputStream; (97 bytes) @ 0x000000010f4dfc5c [0x000000010f4dfbc0+0x9c]
j  com.vaadin.flow.server.StaticFileServer.writeModificationTimestamp(Ljava/net/URL;Ljavax/servlet/http/HttpServletRequest;Ljavax/servlet/http/HttpServletResponse;)J+48
j  com.vaadin.flow.server.StaticFileServer.serveStaticResource(Ljavax/servlet/http/HttpServletRequest;Ljavax/servlet/http/HttpServletResponse;)Z+43
j  com.vaadin.flow.server.VaadinServlet.serveStaticOrWebJarRequest(Ljavax/servlet/http/HttpServletRequest;Ljavax/servlet/http/HttpServletResponse;)Z+17
j  com.vaadin.flow.server.VaadinServlet.service(Ljavax/servlet/http/HttpServletRequest;Ljavax/servlet/http/HttpServletResponse;)V+13
J 10013 C1 javax.servlet.http.HttpServlet.service(Ljavax/servlet/ServletRequest;Ljavax/servlet/ServletResponse;)V (44 bytes) @ 0x000000010f6bc3f4 [0x000000010f6bbe40+0x5b4]
J 8969 C1 org.eclipse.jetty.servlet.ServletHolder.handle(Lorg/eclipse/jetty/server/Request;Ljavax/servlet/ServletRequest;Ljavax/servlet/ServletResponse;)V (193 bytes) @ 0x00000001104d8944 [0x00000001104d8020+0x924]
J 8974 C1 org.eclipse.jetty.servlet.ServletHandler.doHandle(Ljava/lang/String;Lorg/eclipse/jetty/server/Request;Ljavax/servlet/http/HttpServletRequest;Ljavax/servlet/http/HttpServletResponse;)V (242 bytes) @ 0x00000001104ee9f4 [0x00000001104ed480+0x1574]
J 7960 C1 org.eclipse.jetty.server.handler.ScopedHandler.handle(Ljava/lang/String;Lorg/eclipse/jetty/server/Request;Ljavax/servlet/http/HttpServletRequest;Ljavax/servlet/http/HttpServletResponse;)V (36 bytes) @ 0x00000001101dca14 [0x00000001101dc660+0x3b4]
J 8970 C1 org.eclipse.jetty.security.SecurityHandler.handle(Ljava/lang/String;Lorg/eclipse/jetty/server/Request;Ljavax/servlet/http/HttpServletRequest;Ljavax/servlet/http/HttpServletResponse;)V (677 bytes) @ 0x00000001104e7df4 [0x00000001104e5840+0x25b4]
J 7979 C1 org.eclipse.jetty.server.handler.ScopedHandler.nextHandle(Ljava/lang/String;Lorg/eclipse/jetty/server/Request;Ljavax/servlet/http/HttpServletRequest;Ljavax/servlet/http/HttpServletResponse;)V (50 bytes) @ 0x00000001101eb0ac [0x00000001101eae20+0x28c]
J 8560 C1 org.eclipse.jetty.server.session.SessionHandler.doHandle(Ljava/lang/String;Lorg/eclipse/jetty/server/Request;Ljavax/servlet/http/HttpServletRequest;Ljavax/servlet/http/HttpServletResponse;)V (10 bytes) @ 0x00000001103a8bac [0x00000001103a8a80+0x12c]
J 7979 C1 org.eclipse.jetty.server.handler.ScopedHandler.nextHandle(Ljava/lang/String;Lorg/eclipse/jetty/server/Request;Ljavax/servlet/http/HttpServletRequest;Ljavax/servlet/http/HttpServletResponse;)V (50 bytes) @ 0x00000001101eb17c [0x00000001101eae20+0x35c]
J 8544 C1 org.eclipse.jetty.server.handler.ContextHandler.doHandle(Ljava/lang/String;Lorg/eclipse/jetty/server/Request;Ljavax/servlet/http/HttpServletRequest;Ljavax/servlet/http/HttpServletResponse;)V (175 bytes) @ 0x0000000110399a14 [0x0000000110399040+0x9d4]
J 7990 C1 org.eclipse.jetty.server.handler.ScopedHandler.nextScope(Ljava/lang/String;Lorg/eclipse/jetty/server/Request;Ljavax/servlet/http/HttpServletRequest;Ljavax/servlet/http/HttpServletResponse;)V (54 bytes) @ 0x00000001101f46dc [0x00000001101f4520+0x1bc]
J 8540 C1 org.eclipse.jetty.servlet.ServletHandler.doScope(Ljava/lang/String;Lorg/eclipse/jetty/server/Request;Ljavax/servlet/http/HttpServletRequest;Ljavax/servlet/http/HttpServletResponse;)V (271 bytes) @ 0x000000011039496c [0x0000000110393680+0x12ec]
J 8003 C1 org.eclipse.jetty.server.session.SessionHandler.doScope(Ljava/lang/String;Lorg/eclipse/jetty/server/Request;Ljavax/servlet/http/HttpServletRequest;Ljavax/servlet/http/HttpServletResponse;)V (484 bytes) @ 0x0000000110215f5c [0x00000001102144c0+0x1a9c]
J 7990 C1 org.eclipse.jetty.server.handler.ScopedHandler.nextScope(Ljava/lang/String;Lorg/eclipse/jetty/server/Request;Ljavax/servlet/http/HttpServletRequest;Ljavax/servlet/http/HttpServletResponse;)V (54 bytes) @ 0x00000001101f4884 [0x00000001101f4520+0x364]
J 8005 C1 org.eclipse.jetty.server.handler.ContextHandler.doScope(Ljava/lang/String;Lorg/eclipse/jetty/server/Request;Ljavax/servlet/http/HttpServletRequest;Ljavax/servlet/http/HttpServletResponse;)V (569 bytes) @ 0x00000001102213ec [0x000000011021d8a0+0x3b4c]
J 7960 C1 org.eclipse.jetty.server.handler.ScopedHandler.handle(Ljava/lang/String;Lorg/eclipse/jetty/server/Request;Ljavax/servlet/http/HttpServletRequest;Ljavax/servlet/http/HttpServletResponse;)V (36 bytes) @ 0x00000001101dc934 [0x00000001101dc660+0x2d4]
J 10011 C1 org.eclipse.jetty.server.handler.ContextHandlerCollection.handle(Ljava/lang/String;Lorg/eclipse/jetty/server/Request;Ljavax/servlet/http/HttpServletRequest;Ljavax/servlet/http/HttpServletResponse;)V (296 bytes) @ 0x000000010fa8ef2c [0x000000010fa8dea0+0x108c]
J 8028 C1 org.eclipse.jetty.server.handler.HandlerCollection.handle(Ljava/lang/String;Lorg/eclipse/jetty/server/Request;Ljavax/servlet/http/HttpServletRequest;Ljavax/servlet/http/HttpServletResponse;)V (128 bytes) @ 0x000000011024ddcc [0x000000011024da80+0x34c]
J 10010 C1 org.eclipse.jetty.server.Server.handle(Lorg/eclipse/jetty/server/HttpChannel;)V (208 bytes) @ 0x00000001102563bc [0x0000000110254ca0+0x171c]
J 8947 C1 org.eclipse.jetty.server.HttpChannel.handle()Z (1160 bytes) @ 0x00000001104b85ec [0x00000001104b2ce0+0x590c]
J 8500 C1 org.eclipse.jetty.server.HttpConnection.onFillable()V (312 bytes) @ 0x00000001103577cc [0x0000000110356160+0x166c]
J 8499 C1 org.eclipse.jetty.io.AbstractConnection$ReadCallback.succeeded()V (8 bytes) @ 0x0000000110352f54 [0x0000000110352e40+0x114]
J 8498 C1 org.eclipse.jetty.io.FillInterest.fillable()V (99 bytes) @ 0x000000011035c784 [0x000000011035b9e0+0xda4]
J 8497 C1 org.eclipse.jetty.io.ChannelEndPoint$2.run()V (11 bytes) @ 0x0000000110353464 [0x00000001103532c0+0x1a4]
J 7916 C1 org.eclipse.jetty.util.thread.strategy.EatWhatYouKill.doProduce(Z)Z (565 bytes) @ 0x00000001101a9f74 [0x00000001101a71c0+0x2db4]
J 7964 C1 org.eclipse.jetty.util.thread.strategy.EatWhatYouKill.tryProduce(Z)V (158 bytes) @ 0x00000001101e0e7c [0x00000001101dff20+0xf5c]
J 7969 C1 org.eclipse.jetty.util.thread.strategy.EatWhatYouKill.run()V (6 bytes) @ 0x00000001101df28c [0x00000001101df200+0x8c]
J 11603 C1 org.eclipse.jetty.util.thread.ReservedThreadExecutor$ReservedThread.run()V (254 bytes) @ 0x0000000110af7434 [0x0000000110af6780+0xcb4]
J 7502 C1 org.eclipse.jetty.util.thread.QueuedThreadPool.runJob(Ljava/lang/Runnable;)V (7 bytes) @ 0x000000010f30a694 [0x000000010f30a580+0x114]
j  org.eclipse.jetty.util.thread.QueuedThreadPool$2.run()V+104
J 10308 C1 java.lang.Thread.run()V (17 bytes) @ 0x000000010f3044cc [0x000000010f304380+0x14c]
v  ~StubRoutines::call_stub
V  [libjvm.dylib+0x2efcba]
V  [libjvm.dylib+0x2f045e]
V  [libjvm.dylib+0x2f060a]
V  [libjvm.dylib+0x34aef9]
V  [libjvm.dylib+0x56fa7f]
V  [libjvm.dylib+0x57117a]
V  [libjvm.dylib+0x48e342]
C  [libsystem_pthread.dylib+0x3661]  _pthread_body+0x154
C  [libsystem_pthread.dylib+0x350d]  _pthread_body+0x0
C  [libsystem_pthread.dylib+0x2bf9]  thread_start+0xd
C  0x0000000000000000

Java frames: (J=compiled Java code, j=interpreted, Vv=VM code)
J 238  java.util.zip.ZipFile.getEntry(J[BZ)J (0 bytes) @ 0x000000010ee49d58 [0x000000010ee49d00+0x58]
J 5992 C2 java.util.zip.ZipFile.getEntry(Ljava/lang/String;)Ljava/util/zip/ZipEntry; (101 bytes) @ 0x000000010f96d0fc [0x000000010f96cd40+0x3bc]
J 5757 C2 sun.net.www.protocol.jar.URLJarFile.getEntry(Ljava/lang/String;)Ljava/util/zip/ZipEntry; (69 bytes) @ 0x000000010eef5840 [0x000000010eef5800+0x40]
j  sun.net.www.protocol.jar.JarURLConnection.connect()V+78
J 5850 C1 sun.net.www.protocol.jar.JarURLConnection.getInputStream()Ljava/io/InputStream; (97 bytes) @ 0x000000010f4dfc5c [0x000000010f4dfbc0+0x9c]
j  com.vaadin.flow.server.StaticFileServer.writeModificationTimestamp(Ljava/net/URL;Ljavax/servlet/http/HttpServletRequest;Ljavax/servlet/http/HttpServletResponse;)J+48
j  com.vaadin.flow.server.StaticFileServer.serveStaticResource(Ljavax/servlet/http/HttpServletRequest;Ljavax/servlet/http/HttpServletResponse;)Z+43
j  com.vaadin.flow.server.VaadinServlet.serveStaticOrWebJarRequest(Ljavax/servlet/http/HttpServletRequest;Ljavax/servlet/http/HttpServletResponse;)Z+17
j  com.vaadin.flow.server.VaadinServlet.service(Ljavax/servlet/http/HttpServletRequest;Ljavax/servlet/http/HttpServletResponse;)V+13
J 10013 C1 javax.servlet.http.HttpServlet.service(Ljavax/servlet/ServletRequest;Ljavax/servlet/ServletResponse;)V (44 bytes) @ 0x000000010f6bc3f4 [0x000000010f6bbe40+0x5b4]
J 8969 C1 org.eclipse.jetty.servlet.ServletHolder.handle(Lorg/eclipse/jetty/server/Request;Ljavax/servlet/ServletRequest;Ljavax/servlet/ServletResponse;)V (193 bytes) @ 0x00000001104d8944 [0x00000001104d8020+0x924]
J 8974 C1 org.eclipse.jetty.servlet.ServletHandler.doHandle(Ljava/lang/String;Lorg/eclipse/jetty/server/Request;Ljavax/servlet/http/HttpServletRequest;Ljavax/servlet/http/HttpServletResponse;)V (242 bytes) @ 0x00000001104ee9f4 [0x00000001104ed480+0x1574]
J 7960 C1 org.eclipse.jetty.server.handler.ScopedHandler.handle(Ljava/lang/String;Lorg/eclipse/jetty/server/Request;Ljavax/servlet/http/HttpServletRequest;Ljavax/servlet/http/HttpServletResponse;)V (36 bytes) @ 0x00000001101dca14 [0x00000001101dc660+0x3b4]
J 8970 C1 org.eclipse.jetty.security.SecurityHandler.handle(Ljava/lang/String;Lorg/eclipse/jetty/server/Request;Ljavax/servlet/http/HttpServletRequest;Ljavax/servlet/http/HttpServletResponse;)V (677 bytes) @ 0x00000001104e7df4 [0x00000001104e5840+0x25b4]
J 7979 C1 org.eclipse.jetty.server.handler.ScopedHandler.nextHandle(Ljava/lang/String;Lorg/eclipse/jetty/server/Request;Ljavax/servlet/http/HttpServletRequest;Ljavax/servlet/http/HttpServletResponse;)V (50 bytes) @ 0x00000001101eb0ac [0x00000001101eae20+0x28c]
J 8560 C1 org.eclipse.jetty.server.session.SessionHandler.doHandle(Ljava/lang/String;Lorg/eclipse/jetty/server/Request;Ljavax/servlet/http/HttpServletRequest;Ljavax/servlet/http/HttpServletResponse;)V (10 bytes) @ 0x00000001103a8bac [0x00000001103a8a80+0x12c]
J 7979 C1 org.eclipse.jetty.server.handler.ScopedHandler.nextHandle(Ljava/lang/String;Lorg/eclipse/jetty/server/Request;Ljavax/servlet/http/HttpServletRequest;Ljavax/servlet/http/HttpServletResponse;)V (50 bytes) @ 0x00000001101eb17c [0x00000001101eae20+0x35c]
J 8544 C1 org.eclipse.jetty.server.handler.ContextHandler.doHandle(Ljava/lang/String;Lorg/eclipse/jetty/server/Request;Ljavax/servlet/http/HttpServletRequest;Ljavax/servlet/http/HttpServletResponse;)V (175 bytes) @ 0x0000000110399a14 [0x0000000110399040+0x9d4]
J 7990 C1 org.eclipse.jetty.server.handler.ScopedHandler.nextScope(Ljava/lang/String;Lorg/eclipse/jetty/server/Request;Ljavax/servlet/http/HttpServletRequest;Ljavax/servlet/http/HttpServletResponse;)V (54 bytes) @ 0x00000001101f46dc [0x00000001101f4520+0x1bc]
J 8540 C1 org.eclipse.jetty.servlet.ServletHandler.doScope(Ljava/lang/String;Lorg/eclipse/jetty/server/Request;Ljavax/servlet/http/HttpServletRequest;Ljavax/servlet/http/HttpServletResponse;)V (271 bytes) @ 0x000000011039496c [0x0000000110393680+0x12ec]
J 8003 C1 org.eclipse.jetty.server.session.SessionHandler.doScope(Ljava/lang/String;Lorg/eclipse/jetty/server/Request;Ljavax/servlet/http/HttpServletRequest;Ljavax/servlet/http/HttpServletResponse;)V (484 bytes) @ 0x0000000110215f5c [0x00000001102144c0+0x1a9c]
J 7990 C1 org.eclipse.jetty.server.handler.ScopedHandler.nextScope(Ljava/lang/String;Lorg/eclipse/jetty/server/Request;Ljavax/servlet/http/HttpServletRequest;Ljavax/servlet/http/HttpServletResponse;)V (54 bytes) @ 0x00000001101f4884 [0x00000001101f4520+0x364]
J 8005 C1 org.eclipse.jetty.server.handler.ContextHandler.doScope(Ljava/lang/String;Lorg/eclipse/jetty/server/Request;Ljavax/servlet/http/HttpServletRequest;Ljavax/servlet/http/HttpServletResponse;)V (569 bytes) @ 0x00000001102213ec [0x000000011021d8a0+0x3b4c]
J 7960 C1 org.eclipse.jetty.server.handler.ScopedHandler.handle(Ljava/lang/String;Lorg/eclipse/jetty/server/Request;Ljavax/servlet/http/HttpServletRequest;Ljavax/servlet/http/HttpServletResponse;)V (36 bytes) @ 0x00000001101dc934 [0x00000001101dc660+0x2d4]
J 10011 C1 org.eclipse.jetty.server.handler.ContextHandlerCollection.handle(Ljava/lang/String;Lorg/eclipse/jetty/server/Request;Ljavax/servlet/http/HttpServletRequest;Ljavax/servlet/http/HttpServletResponse;)V (296 bytes) @ 0x000000010fa8ef2c [0x000000010fa8dea0+0x108c]
J 8028 C1 org.eclipse.jetty.server.handler.HandlerCollection.handle(Ljava/lang/String;Lorg/eclipse/jetty/server/Request;Ljavax/servlet/http/HttpServletRequest;Ljavax/servlet/http/HttpServletResponse;)V (128 bytes) @ 0x000000011024ddcc [0x000000011024da80+0x34c]
J 10010 C1 org.eclipse.jetty.server.Server.handle(Lorg/eclipse/jetty/server/HttpChannel;)V (208 bytes) @ 0x00000001102563bc [0x0000000110254ca0+0x171c]
J 8947 C1 org.eclipse.jetty.server.HttpChannel.handle()Z (1160 bytes) @ 0x00000001104b85ec [0x00000001104b2ce0+0x590c]
J 8500 C1 org.eclipse.jetty.server.HttpConnection.onFillable()V (312 bytes) @ 0x00000001103577cc [0x0000000110356160+0x166c]
J 8499 C1 org.eclipse.jetty.io.AbstractConnection$ReadCallback.succeeded()V (8 bytes) @ 0x0000000110352f54 [0x0000000110352e40+0x114]
J 8498 C1 org.eclipse.jetty.io.FillInterest.fillable()V (99 bytes) @ 0x000000011035c784 [0x000000011035b9e0+0xda4]
J 8497 C1 org.eclipse.jetty.io.ChannelEndPoint$2.run()V (11 bytes) @ 0x0000000110353464 [0x00000001103532c0+0x1a4]
J 7916 C1 org.eclipse.jetty.util.thread.strategy.EatWhatYouKill.doProduce(Z)Z (565 bytes) @ 0x00000001101a9f74 [0x00000001101a71c0+0x2db4]
J 7964 C1 org.eclipse.jetty.util.thread.strategy.EatWhatYouKill.tryProduce(Z)V (158 bytes) @ 0x00000001101e0e7c [0x00000001101dff20+0xf5c]
J 7969 C1 org.eclipse.jetty.util.thread.strategy.EatWhatYouKill.run()V (6 bytes) @ 0x00000001101df28c [0x00000001101df200+0x8c]
J 11603 C1 org.eclipse.jetty.util.thread.ReservedThreadExecutor$ReservedThread.run()V (254 bytes) @ 0x0000000110af7434 [0x0000000110af6780+0xcb4]
J 7502 C1 org.eclipse.jetty.util.thread.QueuedThreadPool.runJob(Ljava/lang/Runnable;)V (7 bytes) @ 0x000000010f30a694 [0x000000010f30a580+0x114]
j  org.eclipse.jetty.util.thread.QueuedThreadPool$2.run()V+104
J 10308 C1 java.lang.Thread.run()V (17 bytes) @ 0x000000010f3044cc [0x000000010f304380+0x14c]
v  ~StubRoutines::call_stub

---------------  P R O C E S S  ---------------

Java Threads: ( => current thread )
  0x00007fb5cd10b800 JavaThread "qtp1622899093-1099" [_thread_blocked, id=23139, stack(0x000070000a0e3000,0x000070000a1e3000)]
  0x00007fb5cd757800 JavaThread "qtp1622899093-1098" [_thread_in_native, id=24747, stack(0x00007000099ce000,0x0000700009ace000)]
  0x00007fb5cd356800 JavaThread "qtp1622899093-1097" [_thread_blocked, id=26635, stack(0x00007000097c8000,0x00007000098c8000)]
  0x00007fb5ccbb1800 JavaThread "Scheduler-446842946" [_thread_blocked, id=22643, stack(0x0000700008ead000,0x0000700008fad000)]
  0x00007fb5cc497000 JavaThread "Atmosphere-Scheduler-6" daemon [_thread_blocked, id=39171, stack(0x0000700008ba4000,0x0000700008ca4000)]
  0x00007fb5c48a7000 JavaThread "Atmosphere-Scheduler-6" daemon [_thread_blocked, id=42127, stack(0x00007000093bc000,0x00007000094bc000)]
  0x00007fb5c37f2800 JavaThread "Atmosphere-Scheduler-4" daemon [_thread_blocked, id=24167, stack(0x0000700008fb0000,0x00007000090b0000)]
  0x00007fb5cccec800 JavaThread "PathWatcher@6aad919c" daemon [_thread_blocked, id=36875, stack(0x000070000a3ec000,0x000070000a4ec000)]
  0x00007fb5c494f800 JavaThread "Thread-111" daemon [_thread_blocked, id=2935, stack(0x000070000a2e9000,0x000070000a3e9000)]
  0x00007fb5c3538000 JavaThread "Atmosphere-Scheduler-0" daemon [_thread_blocked, id=26159, stack(0x00007000094bf000,0x00007000095bf000)]
  0x00007fb5c32dc000 JavaThread "qtp1622899093-1071" [_thread_blocked, id=26947, stack(0x0000700009cd7000,0x0000700009dd7000)]
  0x00007fb5c3437800 JavaThread "qtp1622899093-1070" [_thread_blocked, id=42375, stack(0x0000700009bd4000,0x0000700009cd4000)]
  0x00007fb5cc69d000 JavaThread "qtp1622899093-1069" [_thread_in_native, id=25907, stack(0x00007000096c5000,0x00007000097c5000)]
  0x00007fb5cc9a6800 JavaThread "qtp1622899093-845" [_thread_blocked, id=23875, stack(0x00007000091b6000,0x00007000092b6000)]
=>0x00007fb5ccf74000 JavaThread "qtp1622899093-823" [_thread_in_native, id=38487, stack(0x0000700009fe0000,0x000070000a0e0000)]
  0x00007fb5c494c800 JavaThread "qtp1622899093-819" [_thread_blocked, id=37443, stack(0x00007000095c2000,0x00007000096c2000)]
  0x00007fb5cb889800 JavaThread "qtp1622899093-648" [_thread_blocked, id=15395, stack(0x0000700009dda000,0x0000700009eda000)]
  0x00007fb5c4950800 JavaThread "com.google.inject.internal.util.$Finalizer" daemon [_thread_blocked, id=39003, stack(0x0000700008aa1000,0x0000700008ba1000)]
  0x00007fb5c3a1b000 JavaThread "qtp1622899093-603" [_thread_blocked, id=15975, stack(0x0000700009ad1000,0x0000700009bd1000)]
  0x00007fb5cc848800 JavaThread "qtp1622899093-579" [_thread_in_native, id=37951, stack(0x00007000098cb000,0x00007000099cb000)]
  0x00007fb5cca99000 JavaThread "qtp1622899093-520" [_thread_blocked, id=41327, stack(0x0000700009edd000,0x0000700009fdd000)]
  0x00007fb5c3ac0000 JavaThread "com.google.inject.internal.util.$Finalizer" daemon [_thread_blocked, id=41011, stack(0x00007000090b3000,0x00007000091b3000)]
  0x00007fb5c4ce4800 JavaThread "com.google.inject.internal.util.$Finalizer" daemon [_thread_blocked, id=21783, stack(0x0000700008ca7000,0x0000700008da7000)]
  0x00007fb5cd410800 JavaThread "Scheduler-936632640" [_thread_blocked, id=3847, stack(0x00007000092b9000,0x00007000093b9000)]
  0x00007fb5c9fe5800 JavaThread "qtp1622899093-17-acceptor-0@7425ffb4-ServerConnector@1c5b9ade{HTTP/1.1,[http/1.1]}{0.0.0.0:8080}" [_thread_in_native, id=43011, stack(0x0000700008daa000,0x0000700008eaa000)]
  0x00007fb5c4022000 JavaThread "Service Thread" daemon [_thread_blocked, id=14851, stack(0x000070000889b000,0x000070000899b000)]
  0x00007fb5c384b800 JavaThread "C1 CompilerThread2" daemon [_thread_blocked, id=16899, stack(0x0000700008798000,0x0000700008898000)]
  0x00007fb5c3813000 JavaThread "C2 CompilerThread1" daemon [_thread_blocked, id=14083, stack(0x0000700008695000,0x0000700008795000)]
  0x00007fb5c4021000 JavaThread "C2 CompilerThread0" daemon [_thread_blocked, id=17155, stack(0x0000700008592000,0x0000700008692000)]
  0x00007fb5c4000800 JavaThread "JDWP Command Reader" daemon [_thread_in_native, id=17667, stack(0x000070000848f000,0x000070000858f000)]
  0x00007fb5c3810000 JavaThread "JDWP Event Helper Thread" daemon [_thread_blocked, id=18179, stack(0x000070000838c000,0x000070000848c000)]
  0x00007fb5c380f000 JavaThread "JDWP Transport Listener: dt_socket" daemon [_thread_blocked, id=13319, stack(0x0000700008289000,0x0000700008389000)]
  0x00007fb5c3013000 JavaThread "Signal Dispatcher" daemon [_thread_blocked, id=18439, stack(0x0000700008186000,0x0000700008286000)]
  0x00007fb5c4837800 JavaThread "Finalizer" daemon [_thread_blocked, id=12035, stack(0x0000700008083000,0x0000700008183000)]
  0x00007fb5c4836800 JavaThread "Reference Handler" daemon [_thread_blocked, id=20995, stack(0x0000700007f80000,0x0000700008080000)]
  0x00007fb5c300a800 JavaThread "main" [_thread_blocked, id=5891, stack(0x000070000796e000,0x0000700007a6e000)]

Other Threads:
  0x00007fb5c4830000 VMThread [stack: 0x0000700007e7d000,0x0000700007f7d000] [id=11523]
  0x00007fb5c4022800 WatcherThread [stack: 0x000070000899e000,0x0000700008a9e000] [id=16387]

VM state:not at safepoint (normal execution)

VM Mutex/Monitor currently owned by a thread: None

Heap:
 PSYoungGen      total 370688K, used 170782K [0x000000076ab00000, 0x000000078c100000, 0x00000007c0000000)
  eden space 333824K, 40% used [0x000000076ab00000,0x0000000772e3b710,0x000000077f100000)
  from space 36864K, 98% used [0x000000077fc00000,0x0000000781f8c100,0x0000000782000000)
  to   space 106496K, 0% used [0x0000000785900000,0x0000000785900000,0x000000078c100000)
 ParOldGen       total 265728K, used 128225K [0x00000006c0000000, 0x00000006d0380000, 0x000000076ab00000)
  object space 265728K, 48% used [0x00000006c0000000,0x00000006c7d385c8,0x00000006d0380000)
 Metaspace       used 85666K, capacity 94816K, committed 94936K, reserved 1130496K
  class space    used 11639K, capacity 13055K, committed 13056K, reserved 1048576K

Card table byte_map: [0x00000001084e6000,0x0000000108ce7000] byte_map_base: 0x0000000104ee6000

Marking Bits: (ParMarkBitMap*) 0x000000010712acd0
 Begin Bits: [0x000000011dc90000, 0x0000000121c90000)
 End Bits:   [0x0000000121c90000, 0x0000000125c90000)

Polling page: 0x00000001077f3000

CodeCache: size=245760Kb used=32131Kb max_used=32298Kb free=213628Kb
 bounds [0x000000010ec90000, 0x0000000110c50000, 0x000000011dc90000]
 total_blobs=9922 nmethods=9464 adapters=377
 compilation: enabled

Compilation events (10 events):
Event: 13549.794 Thread 0x00007fb5c384b800 nmethod 12169 0x0000000110b7c510 code [0x0000000110b7c8a0, 0x0000000110b7ec08]
Event: 13549.795 Thread 0x00007fb5c384b800 12170       3       java.util.AbstractMap::isEmpty (13 bytes)
Event: 13549.795 Thread 0x00007fb5c384b800 nmethod 12170 0x000000010f3ddb90 code [0x000000010f3ddd00, 0x000000010f3ddf68]
Event: 13549.856 Thread 0x00007fb5c384b800 12171       3       java.nio.charset.Charset::isSupported (13 bytes)
Event: 13549.856 Thread 0x00007fb5c384b800 nmethod 12171 0x000000010f8e1190 code [0x000000010f8e1300, 0x000000010f8e14c8]
Event: 13549.881 Thread 0x00007fb5c3813000 12172       4       org.eclipse.jetty.http.HttpFields::contains (45 bytes)
Event: 13549.883 Thread 0x00007fb5c3813000 nmethod 12172 0x000000010f8e0c10 code [0x000000010f8e0d80, 0x000000010f8e0fc8]
Event: 13549.965 Thread 0x00007fb5c384b800 12173       3       java.text.SimpleDateFormat::compile (678 bytes)
Event: 13549.973 Thread 0x00007fb5c384b800 nmethod 12173 0x000000010fe86a10 code [0x000000010fe87240, 0x000000010fe8d858]
Event: 13550.033 Thread 0x00007fb5c384b800 12174   !   3       java.text.SimpleDateFormat::zeroPaddingNumber (270 bytes)

GC Heap History (10 events):
Event: 13307.537 GC heap before
{Heap before GC invocations=42 (full 3):
 PSYoungGen      total 435712K, used 324817K [0x000000076ab00000, 0x000000078dc00000, 0x00000007c0000000)
  eden space 321536K, 100% used [0x000000076ab00000,0x000000077e500000,0x000000077e500000)
  from space 114176K, 2% used [0x0000000786c80000,0x0000000786fb44e8,0x000000078dc00000)
  to   space 126464K, 0% used [0x000000077e500000,0x000000077e500000,0x0000000786080000)
 ParOldGen       total 265728K, used 126227K [0x00000006c0000000, 0x00000006d0380000, 0x000000076ab00000)
  object space 265728K, 47% used [0x00000006c0000000,0x00000006c7b44d50,0x00000006d0380000)
 Metaspace       used 74922K, capacity 82186K, committed 82304K, reserved 1120256K
  class space    used 9989K, capacity 11128K, committed 11136K, reserved 1048576K
Event: 13307.555 GC heap after
Heap after GC invocations=42 (full 3):
 PSYoungGen      total 339968K, used 28390K [0x000000076ab00000, 0x000000078c400000, 0x00000007c0000000)
  eden space 311296K, 0% used [0x000000076ab00000,0x000000076ab00000,0x000000077db00000)
  from space 28672K, 99% used [0x000000077e500000,0x00000007800b98c8,0x0000000780100000)
  to   space 119296K, 0% used [0x0000000784f80000,0x0000000784f80000,0x000000078c400000)
 ParOldGen       total 265728K, used 126307K [0x00000006c0000000, 0x00000006d0380000, 0x000000076ab00000)
  object space 265728K, 47% used [0x00000006c0000000,0x00000006c7b58d50,0x00000006d0380000)
 Metaspace       used 74922K, capacity 82186K, committed 82304K, reserved 1120256K
  class space    used 9989K, capacity 11128K, committed 11136K, reserved 1048576K
}
Event: 13350.762 GC heap before
{Heap before GC invocations=43 (full 3):
 PSYoungGen      total 339968K, used 339686K [0x000000076ab00000, 0x000000078c400000, 0x00000007c0000000)
  eden space 311296K, 100% used [0x000000076ab00000,0x000000077db00000,0x000000077db00000)
  from space 28672K, 99% used [0x000000077e500000,0x00000007800b98c8,0x0000000780100000)
  to   space 119296K, 0% used [0x0000000784f80000,0x0000000784f80000,0x000000078c400000)
 ParOldGen       total 265728K, used 126307K [0x00000006c0000000, 0x00000006d0380000, 0x000000076ab00000)
  object space 265728K, 47% used [0x00000006c0000000,0x00000006c7b58d50,0x00000006d0380000)
 Metaspace       used 79340K, capacity 87234K, committed 87424K, reserved 1124352K
  class space    used 10642K, capacity 11856K, committed 11904K, reserved 1048576K
Event: 13350.826 GC heap after
Heap after GC invocations=43 (full 3):
 PSYoungGen      total 394752K, used 38933K [0x000000076ab00000, 0x000000078ab00000, 0x00000007c0000000)
  eden space 301056K, 0% used [0x000000076ab00000,0x000000076ab00000,0x000000077d100000)
  from space 93696K, 41% used [0x0000000784f80000,0x0000000787585400,0x000000078ab00000)
  to   space 111616K, 0% used [0x000000077d100000,0x000000077d100000,0x0000000783e00000)
 ParOldGen       total 265728K, used 126395K [0x00000006c0000000, 0x00000006d0380000, 0x000000076ab00000)
  object space 265728K, 47% used [0x00000006c0000000,0x00000006c7b6ed50,0x00000006d0380000)
 Metaspace       used 79340K, capacity 87234K, committed 87424K, reserved 1124352K
  class space    used 10642K, capacity 11856K, committed 11904K, reserved 1048576K
}
Event: 13352.151 GC heap before
{Heap before GC invocations=44 (full 3):
 PSYoungGen      total 394752K, used 339989K [0x000000076ab00000, 0x000000078ab00000, 0x00000007c0000000)
  eden space 301056K, 100% used [0x000000076ab00000,0x000000077d100000,0x000000077d100000)
  from space 93696K, 41% used [0x0000000784f80000,0x0000000787585400,0x000000078ab00000)
  to   space 111616K, 0% used [0x000000077d100000,0x000000077d100000,0x0000000783e00000)
 ParOldGen       total 265728K, used 126395K [0x00000006c0000000, 0x00000006d0380000, 0x000000076ab00000)
  object space 265728K, 47% used [0x00000006c0000000,0x00000006c7b6ed50,0x00000006d0380000)
 Metaspace       used 80192K, capacity 88384K, committed 88704K, reserved 1126400K
  class space    used 10791K, capacity 12065K, committed 12160K, reserved 1048576K
Event: 13352.234 GC heap after
Heap after GC invocations=44 (full 3):
 PSYoungGen      total 412672K, used 68839K [0x000000076ab00000, 0x000000078e100000, 0x00000007c0000000)
  eden space 301056K, 0% used [0x000000076ab00000,0x000000076ab00000,0x000000077d100000)
  from space 111616K, 61% used [0x000000077d100000,0x0000000781439cb0,0x0000000783e00000)
  to   space 115712K, 0% used [0x0000000787000000,0x0000000787000000,0x000000078e100000)
 ParOldGen       total 265728K, used 126627K [0x00000006c0000000, 0x00000006d0380000, 0x000000076ab00000)
  object space 265728K, 47% used [0x00000006c0000000,0x00000006c7ba8d50,0x00000006d0380000)
 Metaspace       used 80192K, capacity 88384K, committed 88704K, reserved 1126400K
  class space    used 10791K, capacity 12065K, committed 12160K, reserved 1048576K
}
Event: 13383.852 GC heap before
{Heap before GC invocations=45 (full 3):
 PSYoungGen      total 412672K, used 369861K [0x000000076ab00000, 0x000000078e100000, 0x00000007c0000000)
  eden space 301056K, 99% used [0x000000076ab00000,0x000000077d0f7900,0x000000077d100000)
  from space 111616K, 61% used [0x000000077d100000,0x0000000781439cb0,0x0000000783e00000)
  to   space 115712K, 0% used [0x0000000787000000,0x0000000787000000,0x000000078e100000)
 ParOldGen       total 265728K, used 126677K [0x00000006c0000000, 0x00000006d0380000, 0x000000076ab00000)
  object space 265728K, 47% used [0x00000006c0000000,0x00000006c7bb57d8,0x00000006d0380000)
 Metaspace       used 80398K, capacity 88672K, committed 88960K, reserved 1126400K
  class space    used 10832K, capacity 12115K, committed 12160K, reserved 1048576K
Event: 13383.928 GC heap after
Heap after GC invocations=45 (full 3):
 PSYoungGen      total 451584K, used 52729K [0x000000076ab00000, 0x000000078d800000, 0x00000007c0000000)
  eden space 345088K, 0% used [0x000000076ab00000,0x000000076ab00000,0x000000077fc00000)
  from space 106496K, 49% used [0x0000000787000000,0x000000078a37e7b0,0x000000078d800000)
  to   space 112640K, 0% used [0x000000077fc00000,0x000000077fc00000,0x0000000786a00000)
 ParOldGen       total 265728K, used 127762K [0x00000006c0000000, 0x00000006d0380000, 0x000000076ab00000)
  object space 265728K, 48% used [0x00000006c0000000,0x00000006c7cc4b28,0x00000006d0380000)
 Metaspace       used 80398K, capacity 88672K, committed 88960K, reserved 1126400K
  class space    used 10832K, capacity 12115K, committed 12160K, reserved 1048576K
}
Event: 13549.447 GC heap before
{Heap before GC invocations=46 (full 3):
 PSYoungGen      total 451584K, used 397817K [0x000000076ab00000, 0x000000078d800000, 0x00000007c0000000)
  eden space 345088K, 100% used [0x000000076ab00000,0x000000077fc00000,0x000000077fc00000)
  from space 106496K, 49% used [0x0000000787000000,0x000000078a37e7b0,0x000000078d800000)
  to   space 112640K, 0% used [0x000000077fc00000,0x000000077fc00000,0x0000000786a00000)
 ParOldGen       total 265728K, used 127771K [0x00000006c0000000, 0x00000006d0380000, 0x000000076ab00000)
  object space 265728K, 48% used [0x00000006c0000000,0x00000006c7cc6d98,0x00000006d0380000)
 Metaspace       used 85509K, capacity 94570K, committed 94720K, reserved 1130496K
  class space    used 11605K, capacity 12992K, committed 13056K, reserved 1048576K
Event: 13549.474 GC heap after
Heap after GC invocations=46 (full 3):
 PSYoungGen      total 370688K, used 36400K [0x000000076ab00000, 0x000000078c100000, 0x00000007c0000000)
  eden space 333824K, 0% used [0x000000076ab00000,0x000000076ab00000,0x000000077f100000)
  from space 36864K, 98% used [0x000000077fc00000,0x0000000781f8c100,0x0000000782000000)
  to   space 106496K, 0% used [0x0000000785900000,0x0000000785900000,0x000000078c100000)
 ParOldGen       total 265728K, used 128225K [0x00000006c0000000, 0x00000006d0380000, 0x000000076ab00000)
  object space 265728K, 48% used [0x00000006c0000000,0x00000006c7d385c8,0x00000006d0380000)
 Metaspace       used 85509K, capacity 94570K, committed 94720K, reserved 1130496K
  class space    used 11605K, capacity 12992K, committed 13056K, reserved 1048576K
}

Deoptimization events (10 events):
Event: 13550.031 Thread 0x00007fb5c3437800 Uncommon trap: reason=unhandled action=none pc=0x000000010fc94d38 method=sun.net.www.protocol.jar.JarURLConnection.connect()V @ 156
Event: 13550.031 Thread 0x00007fb5cd10b800 Uncommon trap: reason=unhandled action=none pc=0x000000010fc94d38 method=sun.net.www.protocol.jar.JarURLConnection.connect()V @ 156
Event: 13550.031 Thread 0x00007fb5cc69d000 Uncommon trap: reason=unhandled action=none pc=0x000000010fc94d38 method=sun.net.www.protocol.jar.JarURLConnection.connect()V @ 156
Event: 13550.032 Thread 0x00007fb5cc848800 Uncommon trap: reason=unhandled action=none pc=0x000000010fc94d38 method=sun.net.www.protocol.jar.JarURLConnection.connect()V @ 156
Event: 13550.032 Thread 0x00007fb5ccf74000 Uncommon trap: reason=unhandled action=none pc=0x000000010fc94d38 method=sun.net.www.protocol.jar.JarURLConnection.connect()V @ 156
Event: 13550.032 Thread 0x00007fb5c3437800 Uncommon trap: reason=unhandled action=none pc=0x000000010fc94d38 method=sun.net.www.protocol.jar.JarURLConnection.connect()V @ 156
Event: 13550.032 Thread 0x00007fb5cd10b800 Uncommon trap: reason=unhandled action=none pc=0x000000010fc94d38 method=sun.net.www.protocol.jar.JarURLConnection.connect()V @ 156
Event: 13550.032 Thread 0x00007fb5cc69d000 Uncommon trap: reason=unhandled action=none pc=0x000000010fc94d38 method=sun.net.www.protocol.jar.JarURLConnection.connect()V @ 156
Event: 13550.033 Thread 0x00007fb5cc848800 Uncommon trap: reason=unhandled action=none pc=0x000000010fc94d38 method=sun.net.www.protocol.jar.JarURLConnection.connect()V @ 156
Event: 13550.033 Thread 0x00007fb5c3437800 Uncommon trap: reason=unhandled action=none pc=0x000000010fc94d38 method=sun.net.www.protocol.jar.JarURLConnection.connect()V @ 156

Classes redefined (10 events):
Event: 389.182 Thread 0x00007fb5c4830000 redefined class name=com.vaadin.starter.skeleton.configuringcolumns.ColumnAlignmentExample, count=2
Event: 522.445 Thread 0x00007fb5c4830000 redefined class name=com.vaadin.starter.skeleton.configuringcolumns.ColumnAlignmentExample, count=4
Event: 522.471 Thread 0x00007fb5c4830000 redefined class name=com.vaadin.starter.skeleton.configuringcolumns.ColumnAlignmentExample, count=1
Event: 522.497 Thread 0x00007fb5c4830000 redefined class name=com.vaadin.starter.skeleton.configuringcolumns.ColumnAlignmentExample, count=3
Event: 634.808 Thread 0x00007fb5c4830000 redefined class name=com.vaadin.starter.skeleton.configuringcolumns.ColumnAlignmentExample, count=5
Event: 634.836 Thread 0x00007fb5c4830000 redefined class name=com.vaadin.starter.skeleton.configuringcolumns.ColumnAlignmentExample, count=1
Event: 634.863 Thread 0x00007fb5c4830000 redefined class name=com.vaadin.starter.skeleton.configuringcolumns.ColumnAlignmentExample, count=4
Event: 5911.215 Thread 0x00007fb5c4830000 redefined class name=com.vaadin.starter.skeleton.configuringcolumns.ColumnAPIExample, count=1
Event: 13301.871 Thread 0x00007fb5c4830000 redefined class name=com.vaadin.starter.skeleton.formattingcontents.TemplateRendererTest, count=1
Event: 13301.912 Thread 0x00007fb5c4830000 redefined class name=com.vaadin.starter.skeleton.formattingcontents.TemplateRendererTest, count=1

Internal exceptions (10 events):
Event: 13550.021 Thread 0x00007fb5c3437800 Exception <a 'sun/nio/fs/UnixException'> (0x0000000772949f10) thrown at [/Users/java_re/workspace/8-2-build-macosx-x86_64/jdk8u181/11358/hotspot/src/share/vm/prims/jni.cpp, line 709]
Event: 13550.022 Thread 0x00007fb5cd10b800 Exception <a 'sun/nio/fs/UnixException'> (0x00000007727d66b0) thrown at [/Users/java_re/workspace/8-2-build-macosx-x86_64/jdk8u181/11358/hotspot/src/share/vm/prims/jni.cpp, line 709]
Event: 13550.023 Thread 0x00007fb5c3437800 Exception <a 'sun/nio/fs/UnixException'> (0x000000077294a720) thrown at [/Users/java_re/workspace/8-2-build-macosx-x86_64/jdk8u181/11358/hotspot/src/share/vm/prims/jni.cpp, line 709]
Event: 13550.023 Thread 0x00007fb5cd10b800 Exception <a 'sun/nio/fs/UnixException'> (0x00000007727d6f50) thrown at [/Users/java_re/workspace/8-2-build-macosx-x86_64/jdk8u181/11358/hotspot/src/share/vm/prims/jni.cpp, line 709]
Event: 13550.023 Thread 0x00007fb5c3437800 Exception <a 'sun/nio/fs/UnixException'> (0x000000077294afc0) thrown at [/Users/java_re/workspace/8-2-build-macosx-x86_64/jdk8u181/11358/hotspot/src/share/vm/prims/jni.cpp, line 709]
Event: 13550.023 Thread 0x00007fb5ccf74000 Exception <a 'sun/nio/fs/UnixException'> (0x0000000772a70650) thrown at [/Users/java_re/workspace/8-2-build-macosx-x86_64/jdk8u181/11358/hotspot/src/share/vm/prims/jni.cpp, line 709]
Event: 13550.024 Thread 0x00007fb5ccf74000 Exception <a 'sun/nio/fs/UnixException'> (0x0000000772a715b0) thrown at [/Users/java_re/workspace/8-2-build-macosx-x86_64/jdk8u181/11358/hotspot/src/share/vm/prims/jni.cpp, line 709]
Event: 13550.024 Thread 0x00007fb5ccf74000 Exception <a 'sun/nio/fs/UnixException'> (0x0000000772a71d68) thrown at [/Users/java_re/workspace/8-2-build-macosx-x86_64/jdk8u181/11358/hotspot/src/share/vm/prims/jni.cpp, line 709]
Event: 13550.025 Thread 0x00007fb5ccf74000 Exception <a 'sun/nio/fs/UnixException'> (0x0000000772a72578) thrown at [/Users/java_re/workspace/8-2-build-macosx-x86_64/jdk8u181/11358/hotspot/src/share/vm/prims/jni.cpp, line 709]
Event: 13550.026 Thread 0x00007fb5ccf74000 Exception <a 'sun/nio/fs/UnixException'> (0x0000000772a72e18) thrown at [/Users/java_re/workspace/8-2-build-macosx-x86_64/jdk8u181/11358/hotspot/src/share/vm/prims/jni.cpp, line 709]

Events (10 events):
Event: 13550.032 Thread 0x00007fb5c3437800 DEOPT PACKING pc=0x000000010f891984 sp=0x0000700009cd1b30
Event: 13550.032 Thread 0x00007fb5c3437800 DEOPT UNPACKING pc=0x000000010ecd7784 sp=0x0000700009cd1878 mode 1
Event: 13550.033 Thread 0x00007fb5cc848800 Uncommon trap: trap_request=0xffffffa7 fr.pc=0x000000010fc94d38
Event: 13550.033 Thread 0x00007fb5c3437800 Uncommon trap: trap_request=0xffffffa7 fr.pc=0x000000010fc94d38
Event: 13550.033 Thread 0x00007fb5cd10b800 DEOPT PACKING pc=0x000000010f891984 sp=0x000070000a1e0a80
Event: 13550.033 Thread 0x00007fb5cd10b800 DEOPT UNPACKING pc=0x000000010ecd7784 sp=0x000070000a1e07c8 mode 1
Event: 13550.033 Thread 0x00007fb5cc848800 DEOPT PACKING pc=0x000000010fc94d38 sp=0x00007000099c8a80
Event: 13550.033 Thread 0x00007fb5cc848800 DEOPT UNPACKING pc=0x000000010ecd573a sp=0x00007000099c8a60 mode 2
Event: 13550.033 Thread 0x00007fb5cc69d000 DEOPT PACKING pc=0x000000010f891984 sp=0x00007000097c2a80
Event: 13550.033 Thread 0x00007fb5cc69d000 DEOPT UNPACKING pc=0x000000010ecd7784 sp=0x00007000097c27c8 mode 1


Dynamic libraries:
0x00007fff4e229000 	/System/Library/Frameworks/Cocoa.framework/Versions/A/Cocoa
0x00007fff5a843000 	/System/Library/Frameworks/Security.framework/Versions/A/Security
0x00007fff4ce6b000 	/System/Library/Frameworks/ApplicationServices.framework/Versions/A/ApplicationServices
0x00007fff7668c000 	/usr/lib/libz.1.dylib
0x00007fff745bd000 	/usr/lib/libSystem.B.dylib
0x00007fff75c76000 	/usr/lib/libobjc.A.dylib
0x00007fff4e9dc000 	/System/Library/Frameworks/CoreFoundation.framework/Versions/A/CoreFoundation
0x00007fff50b3d000 	/System/Library/Frameworks/Foundation.framework/Versions/C/Foundation
0x00007fff4bfbb000 	/System/Library/Frameworks/AppKit.framework/Versions/C/AppKit
0x00007fff4e5a1000 	/System/Library/Frameworks/CoreData.framework/Versions/A/CoreData
0x00007fff6defd000 	/System/Library/PrivateFrameworks/RemoteViewServices.framework/Versions/A/RemoteViewServices
0x00007fff72662000 	/System/Library/PrivateFrameworks/UIFoundation.framework/Versions/A/UIFoundation
0x00007fff62d0b000 	/System/Library/PrivateFrameworks/DFRFoundation.framework/Versions/A/DFRFoundation
0x00007fff531a9000 	/System/Library/Frameworks/Metal.framework/Versions/A/Metal
0x00007fff62ea8000 	/System/Library/PrivateFrameworks/DesktopServicesPriv.framework/Versions/A/DesktopServicesPriv
0x00007fff751c3000 	/usr/lib/libenergytrace.dylib
0x00007fff706cd000 	/System/Library/PrivateFrameworks/SkyLight.framework/Versions/A/SkyLight
0x00007fff4ee7f000 	/System/Library/Frameworks/CoreGraphics.framework/Versions/A/CoreGraphics
0x00007fff745b8000 	/usr/lib/libScreenReader.dylib
0x00007fff4af55000 	/System/Library/Frameworks/Accelerate.framework/Versions/A/Accelerate
0x00007fff512b7000 	/System/Library/Frameworks/IOSurface.framework/Versions/A/IOSurface
0x00007fff4d3b5000 	/System/Library/Frameworks/AudioToolbox.framework/Versions/A/AudioToolbox
0x00007fff4d645000 	/System/Library/Frameworks/AudioUnit.framework/Versions/A/AudioUnit
0x00007fff62da3000 	/System/Library/PrivateFrameworks/DataDetectorsCore.framework/Versions/A/DataDetectorsCore
0x00007fff4dd1c000 	/System/Library/Frameworks/Carbon.framework/Versions/A/Frameworks/HIToolbox.framework/Versions/A/HIToolbox
0x00007fff7531d000 	/usr/lib/libicucore.A.dylib
0x00007fff59dc1000 	/System/Library/Frameworks/QuartzCore.framework/Versions/A/QuartzCore
0x00007fff6f984000 	/System/Library/PrivateFrameworks/SignpostNotification.framework/Versions/A/SignpostNotification
0x00007fff4e102000 	/System/Library/Frameworks/Carbon.framework/Versions/A/Frameworks/SpeechRecognition.framework/Versions/A/SpeechRecognition
0x00007fff74719000 	/usr/lib/libauto.dylib
0x00007fff7657b000 	/usr/lib/libxml2.2.dylib
0x00007fff6295c000 	/System/Library/PrivateFrameworks/CoreUI.framework/Versions/A/CoreUI
0x00007fff4e47d000 	/System/Library/Frameworks/CoreAudio.framework/Versions/A/CoreAudio
0x00007fff50977000 	/System/Library/Frameworks/DiskArbitration.framework/Versions/A/DiskArbitration
0x00007fff75591000 	/usr/lib/liblangid.dylib
0x00007fff6a407000 	/System/Library/PrivateFrameworks/MultitouchSupport.framework/Versions/A/MultitouchSupport
0x00007fff5121a000 	/System/Library/Frameworks/IOKit.framework/Versions/A/IOKit
0x00007fff74247000 	/usr/lib/libDiagnosticMessagesClient.dylib
0x00007fff4fb55000 	/System/Library/Frameworks/CoreServices.framework/Versions/A/CoreServices
0x00007fff6bf39000 	/System/Library/PrivateFrameworks/PerformanceAnalysis.framework/Versions/A/PerformanceAnalysis
0x00007fff58f63000 	/System/Library/Frameworks/OpenGL.framework/Versions/A/OpenGL
0x00007fff4e237000 	/System/Library/Frameworks/ColorSync.framework/Versions/A/ColorSync
0x00007fff4f491000 	/System/Library/Frameworks/CoreImage.framework/Versions/A/CoreImage
0x00007fff504e5000 	/System/Library/Frameworks/CoreText.framework/Versions/A/CoreText
0x00007fff51315000 	/System/Library/Frameworks/ImageIO.framework/Versions/A/ImageIO
0x00007fff5f653000 	/System/Library/PrivateFrameworks/Backup.framework/Versions/A/Backup
0x00007fff74669000 	/usr/lib/libarchive.2.dylib
0x00007fff4d968000 	/System/Library/Frameworks/CFNetwork.framework/Versions/A/CFNetwork
0x00007fff5afd6000 	/System/Library/Frameworks/SystemConfiguration.framework/Versions/A/SystemConfiguration
0x00007fff74170000 	/usr/lib/libCRFSuite.dylib
0x00007fff747f2000 	/usr/lib/libc++.1.dylib
0x00007fff74849000 	/usr/lib/libc++abi.dylib
0x00007fff7673a000 	/usr/lib/system/libcache.dylib
0x00007fff7673f000 	/usr/lib/system/libcommonCrypto.dylib
0x00007fff7674a000 	/usr/lib/system/libcompiler_rt.dylib
0x00007fff76752000 	/usr/lib/system/libcopyfile.dylib
0x00007fff7675c000 	/usr/lib/system/libcorecrypto.dylib
0x00007fff76869000 	/usr/lib/system/libdispatch.dylib
0x00007fff768a3000 	/usr/lib/system/libdyld.dylib
0x00007fff768c1000 	/usr/lib/system/libkeymgr.dylib
0x00007fff768cf000 	/usr/lib/system/liblaunch.dylib
0x00007fff768d0000 	/usr/lib/system/libmacho.dylib
0x00007fff768d5000 	/usr/lib/system/libquarantine.dylib
0x00007fff768d8000 	/usr/lib/system/libremovefile.dylib
0x00007fff768da000 	/usr/lib/system/libsystem_asl.dylib
0x00007fff768f2000 	/usr/lib/system/libsystem_blocks.dylib
0x00007fff768f3000 	/usr/lib/system/libsystem_c.dylib
0x00007fff7697d000 	/usr/lib/system/libsystem_configuration.dylib
0x00007fff76981000 	/usr/lib/system/libsystem_coreservices.dylib
0x00007fff76985000 	/usr/lib/system/libsystem_darwin.dylib
0x00007fff76987000 	/usr/lib/system/libsystem_dnssd.dylib
0x00007fff7698e000 	/usr/lib/system/libsystem_info.dylib
0x00007fff769ff000 	/usr/lib/system/libsystem_m.dylib
0x00007fff76a4b000 	/usr/lib/system/libsystem_malloc.dylib
0x00007fff76a6b000 	/usr/lib/system/libsystem_network.dylib
0x00007fff76b9c000 	/usr/lib/system/libsystem_networkextension.dylib
0x00007fff76ba7000 	/usr/lib/system/libsystem_notify.dylib
0x00007fff76bc5000 	/usr/lib/system/libsystem_sandbox.dylib
0x00007fff76bc9000 	/usr/lib/system/libsystem_secinit.dylib
0x00007fff769d8000 	/usr/lib/system/libsystem_kernel.dylib
0x00007fff76bb1000 	/usr/lib/system/libsystem_platform.dylib
0x00007fff76bb9000 	/usr/lib/system/libsystem_pthread.dylib
0x00007fff76bcb000 	/usr/lib/system/libsystem_symptoms.dylib
0x00007fff76bd3000 	/usr/lib/system/libsystem_trace.dylib
0x00007fff76be8000 	/usr/lib/system/libunwind.dylib
0x00007fff76bee000 	/usr/lib/system/libxpc.dylib
0x00007fff74083000 	/usr/lib/closure/libclosured.dylib
0x00007fff747d3000 	/usr/lib/libbsm.0.dylib
0x00007fff768c2000 	/usr/lib/system/libkxld.dylib
0x00007fff74481000 	/usr/lib/libOpenScriptingUtil.dylib
0x00007fff74b42000 	/usr/lib/libcoretls.dylib
0x00007fff74b5b000 	/usr/lib/libcoretls_cfhelpers.dylib
0x00007fff76077000 	/usr/lib/libpam.2.dylib
0x00007fff7619e000 	/usr/lib/libsqlite3.dylib
0x00007fff7656a000 	/usr/lib/libxar.1.dylib
0x00007fff747e4000 	/usr/lib/libbz2.1.0.dylib
0x00007fff75593000 	/usr/lib/liblzma.5.dylib
0x00007fff75a74000 	/usr/lib/libnetwork.dylib
0x00007fff74652000 	/usr/lib/libapple_nghttp2.dylib
0x00007fff7607e000 	/usr/lib/libpcap.A.dylib
0x00007fff7471a000 	/usr/lib/libboringssl.dylib
0x00007fff76505000 	/usr/lib/libusrtcp.dylib
0x00007fff74651000 	/usr/lib/libapple_crypto.dylib
0x00007fff4fed8000 	/System/Library/Frameworks/CoreServices.framework/Versions/A/Frameworks/FSEvents.framework/Versions/A/FSEvents
0x00007fff4fbcb000 	/System/Library/Frameworks/CoreServices.framework/Versions/A/Frameworks/CarbonCore.framework/Versions/A/CarbonCore
0x00007fff5009f000 	/System/Library/Frameworks/CoreServices.framework/Versions/A/Frameworks/Metadata.framework/Versions/A/Metadata
0x00007fff50150000 	/System/Library/Frameworks/CoreServices.framework/Versions/A/Frameworks/OSServices.framework/Versions/A/OSServices
0x00007fff501b1000 	/System/Library/Frameworks/CoreServices.framework/Versions/A/Frameworks/SearchKit.framework/Versions/A/SearchKit
0x00007fff4fb56000 	/System/Library/Frameworks/CoreServices.framework/Versions/A/Frameworks/AE.framework/Versions/A/AE
0x00007fff4fee1000 	/System/Library/Frameworks/CoreServices.framework/Versions/A/Frameworks/LaunchServices.framework/Versions/A/LaunchServices
0x00007fff4fea3000 	/System/Library/Frameworks/CoreServices.framework/Versions/A/Frameworks/DictionaryServices.framework/Versions/A/DictionaryServices
0x00007fff50220000 	/System/Library/Frameworks/CoreServices.framework/Versions/A/Frameworks/SharedFileList.framework/Versions/A/SharedFileList
0x00007fff543df000 	/System/Library/Frameworks/NetFS.framework/Versions/A/NetFS
0x00007fff6a698000 	/System/Library/PrivateFrameworks/NetAuth.framework/Versions/A/NetAuth
0x00007fff73f1a000 	/System/Library/PrivateFrameworks/login.framework/Versions/A/Frameworks/loginsupport.framework/Versions/A/loginsupport
0x00007fff722df000 	/System/Library/PrivateFrameworks/TCC.framework/Versions/A/TCC
0x00007fff75674000 	/usr/lib/libmecabra.dylib
0x00007fff4ce6c000 	/System/Library/Frameworks/ApplicationServices.framework/Versions/A/Frameworks/ATS.framework/Versions/A/ATS
0x00007fff4d21a000 	/System/Library/Frameworks/ApplicationServices.framework/Versions/A/Frameworks/ColorSyncLegacy.framework/Versions/A/ColorSyncLegacy
0x00007fff4d2be000 	/System/Library/Frameworks/ApplicationServices.framework/Versions/A/Frameworks/HIServices.framework/Versions/A/HIServices
0x00007fff4d311000 	/System/Library/Frameworks/ApplicationServices.framework/Versions/A/Frameworks/LangAnalysis.framework/Versions/A/LangAnalysis
0x00007fff4d320000 	/System/Library/Frameworks/ApplicationServices.framework/Versions/A/Frameworks/PrintCore.framework/Versions/A/PrintCore
0x00007fff4d36d000 	/System/Library/Frameworks/ApplicationServices.framework/Versions/A/Frameworks/QD.framework/Versions/A/QD
0x00007fff4d3a8000 	/System/Library/Frameworks/ApplicationServices.framework/Versions/A/Frameworks/SpeechSynthesis.framework/Versions/A/SpeechSynthesis
0x00007fff4e8f8000 	/System/Library/Frameworks/CoreDisplay.framework/Versions/A/CoreDisplay
0x00007fff4af6d000 	/System/Library/Frameworks/Accelerate.framework/Versions/A/Frameworks/vImage.framework/Versions/A/vImage
0x00007fff4bcc7000 	/System/Library/Frameworks/Accelerate.framework/Versions/A/Frameworks/vecLib.framework/Versions/A/vecLib
0x00007fff4ba67000 	/System/Library/Frameworks/Accelerate.framework/Versions/A/Frameworks/vecLib.framework/Versions/A/libvDSP.dylib
0x00007fff4b5c7000 	/System/Library/Frameworks/Accelerate.framework/Versions/A/Frameworks/vecLib.framework/Versions/A/libBNNS.dylib
0x00007fff4b9cc000 	/System/Library/Frameworks/Accelerate.framework/Versions/A/Frameworks/vecLib.framework/Versions/A/libQuadrature.dylib
0x00007fff4bc15000 	/System/Library/Frameworks/Accelerate.framework/Versions/A/Frameworks/vecLib.framework/Versions/A/libvMisc.dylib
0x00007fff4b5f6000 	/System/Library/Frameworks/Accelerate.framework/Versions/A/Frameworks/vecLib.framework/Versions/A/libLAPACK.dylib
0x00007fff4b46c000 	/System/Library/Frameworks/Accelerate.framework/Versions/A/Frameworks/vecLib.framework/Versions/A/libBLAS.dylib
0x00007fff4b9b6000 	/System/Library/Frameworks/Accelerate.framework/Versions/A/Frameworks/vecLib.framework/Versions/A/libLinearAlgebra.dylib
0x00007fff4b9d2000 	/System/Library/Frameworks/Accelerate.framework/Versions/A/Frameworks/vecLib.framework/Versions/A/libSparse.dylib
0x00007fff4ba53000 	/System/Library/Frameworks/Accelerate.framework/Versions/A/Frameworks/vecLib.framework/Versions/A/libSparseBLAS.dylib
0x00007fff674e7000 	/System/Library/PrivateFrameworks/GPUWrangler.framework/Versions/A/GPUWrangler
0x00007fff68c78000 	/System/Library/PrivateFrameworks/IOAccelerator.framework/Versions/A/IOAccelerator
0x00007fff68c83000 	/System/Library/PrivateFrameworks/IOPresentment.framework/Versions/A/IOPresentment
0x00007fff62d1d000 	/System/Library/PrivateFrameworks/DSExternalDisplay.framework/Versions/A/DSExternalDisplay
0x00007fff583e2000 	/System/Library/Frameworks/OpenGL.framework/Versions/A/Libraries/libCoreFSCache.dylib
0x00007fff50636000 	/System/Library/Frameworks/CoreVideo.framework/Versions/A/CoreVideo
0x00007fff68262000 	/System/Library/PrivateFrameworks/GraphVisualizer.framework/Versions/A/GraphVisualizer
0x00007fff533e0000 	/System/Library/Frameworks/MetalPerformanceShaders.framework/Versions/A/MetalPerformanceShaders
0x00007fff7427f000 	/usr/lib/libFosl_dynamic.dylib
0x00007fff63df1000 	/System/Library/PrivateFrameworks/FaceCore.framework/Versions/A/FaceCore
0x00007fff571dd000 	/System/Library/Frameworks/OpenCL.framework/Versions/A/OpenCL
0x00007fff74880000 	/usr/lib/libcompression.dylib
0x00007fff4cf6b000 	/System/Library/Frameworks/ApplicationServices.framework/Versions/A/Frameworks/ATS.framework/Versions/A/Resources/libFontParser.dylib
0x00007fff4d08e000 	/System/Library/Frameworks/ApplicationServices.framework/Versions/A/Frameworks/ATS.framework/Versions/A/Resources/libFontRegistry.dylib
0x00007fff5157d000 	/System/Library/Frameworks/ImageIO.framework/Versions/A/Resources/libJPEG.dylib
0x00007fff518a6000 	/System/Library/Frameworks/ImageIO.framework/Versions/A/Resources/libTIFF.dylib
0x00007fff5187c000 	/System/Library/Frameworks/ImageIO.framework/Versions/A/Resources/libPng.dylib
0x00007fff51490000 	/System/Library/Frameworks/ImageIO.framework/Versions/A/Resources/libGIF.dylib
0x00007fff51495000 	/System/Library/Frameworks/ImageIO.framework/Versions/A/Resources/libJP2.dylib
0x00007fff518a3000 	/System/Library/Frameworks/ImageIO.framework/Versions/A/Resources/libRadiance.dylib
0x00007fff5ed7e000 	/System/Library/PrivateFrameworks/AppleJPEG.framework/Versions/A/AppleJPEG
0x00007fff53247000 	/System/Library/Frameworks/MetalPerformanceShaders.framework/Frameworks/MPSCore.framework/Versions/A/MPSCore
0x00007fff53263000 	/System/Library/Frameworks/MetalPerformanceShaders.framework/Frameworks/MPSImage.framework/Versions/A/MPSImage
0x00007fff532f8000 	/System/Library/Frameworks/MetalPerformanceShaders.framework/Frameworks/MPSNeuralNetwork.framework/Versions/A/MPSNeuralNetwork
0x00007fff532d3000 	/System/Library/Frameworks/MetalPerformanceShaders.framework/Frameworks/MPSMatrix.framework/Versions/A/MPSMatrix
0x00007fff6a179000 	/System/Library/PrivateFrameworks/MetalTools.framework/Versions/A/MetalTools
0x00007fff585ad000 	/System/Library/Frameworks/OpenGL.framework/Versions/A/Libraries/libGLU.dylib
0x00007fff583ed000 	/System/Library/Frameworks/OpenGL.framework/Versions/A/Libraries/libGFXShared.dylib
0x00007fff583f7000 	/System/Library/Frameworks/OpenGL.framework/Versions/A/Libraries/libGL.dylib
0x00007fff58403000 	/System/Library/Frameworks/OpenGL.framework/Versions/A/Libraries/libGLImage.dylib
0x00007fff583df000 	/System/Library/Frameworks/OpenGL.framework/Versions/A/Libraries/libCVMSPluginSupport.dylib
0x00007fff583e8000 	/System/Library/Frameworks/OpenGL.framework/Versions/A/Libraries/libCoreVMClient.dylib
0x00007fff7502d000 	/usr/lib/libcups.2.dylib
0x00007fff527ae000 	/System/Library/Frameworks/Kerberos.framework/Versions/A/Kerberos
0x00007fff50f74000 	/System/Library/Frameworks/GSS.framework/Versions/A/GSS
0x00007fff76131000 	/usr/lib/libresolv.9.dylib
0x00007fff7522b000 	/usr/lib/libiconv.2.dylib
0x00007fff682f4000 	/System/Library/PrivateFrameworks/Heimdal.framework/Versions/A/Heimdal
0x00007fff751fa000 	/usr/lib/libheimdal-asn1.dylib
0x00007fff57255000 	/System/Library/Frameworks/OpenDirectory.framework/Versions/A/OpenDirectory
0x00007fff61094000 	/System/Library/PrivateFrameworks/CommonAuth.framework/Versions/A/CommonAuth
0x00007fff57238000 	/System/Library/Frameworks/OpenDirectory.framework/Versions/A/Frameworks/CFOpenDirectory.framework/Versions/A/CFOpenDirectory
0x00007fff5ab6f000 	/System/Library/Frameworks/SecurityFoundation.framework/Versions/A/SecurityFoundation
0x00007fff5df43000 	/System/Library/PrivateFrameworks/APFS.framework/Versions/A/APFS
0x00007fff76566000 	/usr/lib/libutil.dylib
0x00007fff5ee01000 	/System/Library/PrivateFrameworks/AppleSauce.framework/Versions/A/AppleSauce
0x00007fff69460000 	/System/Library/PrivateFrameworks/LinguisticData.framework/Versions/A/LinguisticData
0x00007fff755ad000 	/usr/lib/libmarisa.dylib
0x00007fff6941a000 	/System/Library/PrivateFrameworks/Lexicon.framework/Versions/A/Lexicon
0x00007fff741aa000 	/usr/lib/libChineseTokenizer.dylib
0x00007fff7486f000 	/usr/lib/libcmph.dylib
0x00007fff69324000 	/System/Library/PrivateFrameworks/LanguageModeling.framework/Versions/A/LanguageModeling
0x00007fff61ba3000 	/System/Library/PrivateFrameworks/CoreEmoji.framework/Versions/A/CoreEmoji
0x00007fff5ac2d000 	/System/Library/Frameworks/ServiceManagement.framework/Versions/A/ServiceManagement
0x00007fff5f64b000 	/System/Library/PrivateFrameworks/BackgroundTaskManagement.framework/Versions/A/BackgroundTaskManagement
0x00007fff76663000 	/usr/lib/libxslt.1.dylib
0x00007fff4e02c000 	/System/Library/Frameworks/Carbon.framework/Versions/A/Frameworks/Ink.framework/Versions/A/Ink
0x00007fff724f4000 	/System/Library/PrivateFrameworks/TextureIO.framework/Versions/A/TextureIO
0x00007fff74694000 	/usr/lib/libate.dylib
0x00007fff62c7d000 	/System/Library/PrivateFrameworks/CrashReporterSupport.framework/Versions/A/CrashReporterSupport
0x00007fff6f844000 	/System/Library/PrivateFrameworks/Sharing.framework/Versions/A/Sharing
0x00007fff69065000 	/System/Library/PrivateFrameworks/IconServices.framework/Versions/A/IconServices
0x00007fff5f27b000 	/System/Library/PrivateFrameworks/AuthKit.framework/Versions/A/AuthKit
0x00007fff5ec01000 	/System/Library/PrivateFrameworks/Apple80211.framework/Versions/A/Apple80211
0x00007fff62a92000 	/System/Library/PrivateFrameworks/CoreUtils.framework/Versions/A/CoreUtils
0x00007fff50671000 	/System/Library/Frameworks/CoreWLAN.framework/Versions/A/CoreWLAN
0x00007fff510b6000 	/System/Library/Frameworks/IOBluetooth.framework/Versions/A/IOBluetooth
0x00007fff6dd08000 	/System/Library/PrivateFrameworks/ProtocolBuffer.framework/Versions/A/ProtocolBuffer
0x00007fff6a362000 	/System/Library/PrivateFrameworks/MobileKeyBag.framework/Versions/A/MobileKeyBag
0x00007fff62347000 	/System/Library/PrivateFrameworks/CorePhoneNumbers.framework/Versions/A/CorePhoneNumbers
0x00007fff5ed39000 	/System/Library/PrivateFrameworks/AppleIDAuthSupport.framework/Versions/A/AppleIDAuthSupport
0x00007fff69310000 	/System/Library/PrivateFrameworks/KeychainCircle.framework/Versions/A/KeychainCircle
0x00007fff62c18000 	/System/Library/PrivateFrameworks/CoreWiFi.framework/Versions/A/CoreWiFi
0x00007fff4e577000 	/System/Library/Frameworks/CoreBluetooth.framework/Versions/A/CoreBluetooth
0x00007fff62e67000 	/System/Library/PrivateFrameworks/DebugSymbols.framework/Versions/A/DebugSymbols
0x00007fff62848000 	/System/Library/PrivateFrameworks/CoreSymbolication.framework/Versions/A/CoreSymbolication
0x00007fff71ce5000 	/System/Library/PrivateFrameworks/Symbolication.framework/Versions/A/Symbolication
0x00007fff5ec2b000 	/System/Library/PrivateFrameworks/AppleFSCompression.framework/Versions/A/AppleFSCompression
0x00007fff71132000 	/System/Library/PrivateFrameworks/SpeechRecognitionCore.framework/Versions/A/SpeechRecognitionCore
0x0000000106831000 	/Library/Java/JavaVirtualMachines/jdk1.8.0_181.jdk/Contents/Home/jre/lib/server/libjvm.dylib
0x00007fff76433000 	/usr/lib/libstdc++.6.0.9.dylib
0x00000001077e5000 	/Library/Java/JavaVirtualMachines/jdk1.8.0_181.jdk/Contents/Home/jre/lib/libverify.dylib
0x0000000108000000 	/Library/Java/JavaVirtualMachines/jdk1.8.0_181.jdk/Contents/Home/jre/lib/libjava.dylib
0x0000000108036000 	/Library/Java/JavaVirtualMachines/jdk1.8.0_181.jdk/Contents/Home/jre/lib/libjdwp.dylib
0x00000001077f4000 	/Library/Java/JavaVirtualMachines/jdk1.8.0_181.jdk/Contents/Home/jre/lib/libnpt.dylib
0x0000000108081000 	/Library/Java/JavaVirtualMachines/jdk1.8.0_181.jdk/Contents/Home/jre/lib/libinstrument.dylib
0x000000010811d000 	/Library/Java/JavaVirtualMachines/jdk1.8.0_181.jdk/Contents/Home/jre/lib/libzip.dylib
0x000000010cefb000 	/Library/Java/JavaVirtualMachines/jdk1.8.0_181.jdk/Contents/Home/jre/lib/libdt_socket.dylib
0x000000010d5e0000 	/Library/Java/JavaVirtualMachines/jdk1.8.0_181.jdk/Contents/Home/jre/lib/libnet.dylib
0x000000010cf22000 	/Library/Java/JavaVirtualMachines/jdk1.8.0_181.jdk/Contents/Home/jre/lib/libnio.dylib
0x000000010d60a000 	/Library/Java/JavaVirtualMachines/jdk1.8.0_181.jdk/Contents/Home/jre/lib/libmanagement.dylib

VM Arguments:
jvm_args: -agentlib:jdwp=transport=dt_socket,suspend=y,address=localhost:61876 -Dmaven.home=EMBEDDED -Dclassworlds.conf=/Users/shadikhani/eclipse-workspace/.metadata/.plugins/org.eclipse.m2e.launching/launches/m2conf2192711886618373519.tmp -Dmaven.multiModuleProjectDirectory=/Users/shadikhani/Downloads/my-app1119 -javaagent:/Users/shadikhani/eclipse/java-photon/Eclipse.app/Contents/Eclipse/configuration/org.eclipse.osgi/231/0/.cp/lib/javaagent-shaded.jar -Dfile.encoding=UTF-8 
java_command: org.codehaus.plexus.classworlds.launcher.Launcher -B jetty:run
java_class_path (initial): /Users/shadikhani/.p2/pool/plugins/org.eclipse.m2e.maven.runtime_1.9.0.20180606-2035/jars/plexus-classworlds-2.5.2.jar:/Users/shadikhani/eclipse/java-photon/Eclipse.app/Contents/Eclipse/configuration/org.eclipse.osgi/231/0/.cp/lib/javaagent-shaded.jar
Launcher Type: SUN_STANDARD

Environment Variables:
PATH=/usr/bin:/bin:/usr/sbin:/sbin
SHELL=/bin/bash

Signal Handlers:
SIGSEGV: [libjvm.dylib+0x5b6029], sa_mask[0]=11111111011111110111111111111111, sa_flags=SA_ONSTACK|SA_RESTART|SA_SIGINFO
SIGBUS: [libjvm.dylib+0x5b6029], sa_mask[0]=11111111011111110111111111111111, sa_flags=SA_RESTART|SA_SIGINFO
SIGFPE: [libjvm.dylib+0x48b934], sa_mask[0]=11111111011111110111111111111111, sa_flags=SA_RESTART|SA_SIGINFO
SIGPIPE: [libjvm.dylib+0x48b934], sa_mask[0]=11111111011111110111111111111111, sa_flags=SA_RESTART|SA_SIGINFO
SIGXFSZ: [libjvm.dylib+0x48b934], sa_mask[0]=11111111011111110111111111111111, sa_flags=SA_RESTART|SA_SIGINFO
SIGILL: [libjvm.dylib+0x48b934], sa_mask[0]=11111111011111110111111111111111, sa_flags=SA_RESTART|SA_SIGINFO
SIGUSR1: SIG_DFL, sa_mask[0]=00000000000000000000000000000000, sa_flags=none
SIGUSR2: [libjvm.dylib+0x48b452], sa_mask[0]=00100000000000000000000000000000, sa_flags=SA_RESTART|SA_SIGINFO
SIGHUP: [libjvm.dylib+0x489a1d], sa_mask[0]=11111111011111110111111111111111, sa_flags=SA_RESTART|SA_SIGINFO
SIGINT: [libjvm.dylib+0x489a1d], sa_mask[0]=11111111011111110111111111111111, sa_flags=SA_RESTART|SA_SIGINFO
SIGTERM: [libjvm.dylib+0x489a1d], sa_mask[0]=11111111011111110111111111111111, sa_flags=SA_RESTART|SA_SIGINFO
SIGQUIT: [libjvm.dylib+0x489a1d], sa_mask[0]=11111111011111110111111111111111, sa_flags=SA_RESTART|SA_SIGINFO


---------------  S Y S T E M  ---------------

OS:Bsduname:Darwin 17.7.0 Darwin Kernel Version 17.7.0: Thu Jun 21 22:53:14 PDT 2018; root:xnu-4570.71.2~1/RELEASE_X86_64 x86_64
rlimit: STACK 8192k, CORE 0k, NPROC 1418, NOFILE 10240, AS infinity
load average:1.87 1.81 1.83

CPU:total 4 (initial active 4) (2 cores per cpu, 2 threads per core) family 6 model 142 stepping 9, cmov, cx8, fxsr, mmx, sse, sse2, sse3, ssse3, sse4.1, sse4.2, popcnt, avx, avx2, aes, clmul, erms, 3dnowpref, lzcnt, ht, tsc, tscinvbit, bmi1, bmi2, adx

Memory: 4k page, physical 16777216k(358392k free)

/proc/meminfo:


vm_info: Java HotSpot(TM) 64-Bit Server VM (25.181-b13) for bsd-amd64 JRE (1.8.0_181-b13), built on Jul  7 2018 01:02:31 by "java_re" with gcc 4.2.1 (Based on Apple Inc. build 5658) (LLVM build 2336.11.00)

time: Thu Nov 29 11:06:26 2018
elapsed time: 13550 seconds (0d 3h 45m 50s)

