#
# A fatal error has been detected by the Java Runtime Environment:
#
#  SIGSEGV (0xb) at pc=0x00007fff64917f49, pid=856, tid=0x0000000000009403
#
# JRE version: Java(TM) SE Runtime Environment (8.0_181-b13) (build 1.8.0_181-b13)
# Java VM: Java HotSpot(TM) 64-Bit Server VM (25.181-b13 mixed mode bsd-amd64 compressed oops)
# Problematic frame:
# C  [libsystem_platform.dylib+0x4f49]  _platform_memmove$VARIANT$Haswell+0x29
#
# Failed to write core dump. Core dumps have been disabled. To enable core dumping, try "ulimit -c unlimited" before starting Java again
#
# If you would like to submit a bug report, please visit:
#   http://bugreport.java.com/bugreport/crash.jsp
# The crash happened outside the Java Virtual Machine in native code.
# See problematic frame for where to report the bug.
#

---------------  T H R E A D  ---------------

Current thread (0x00007ff3375cb000):  JavaThread "qtp1636256669-157" [_thread_in_native, id=37891, stack(0x000070000c13f000,0x000070000c23f000)]

siginfo: si_signo: 11 (SIGSEGV), si_code: 1 (SEGV_MAPERR), si_addr: 0x000000011421d000

Registers:
RAX=0x00007ff33633c400, RBX=0x000000011421a0de, RCX=0x0000000000003a70, RDX=0x0000000000006964
RSP=0x000070000c23c4d0, RBP=0x000070000c23c4d0, RSI=0x000000011421d000, RDI=0x00007ff33633f2f4
R8 =0x0000000000000000, R9 =0x000000000000800b, R10=0x0000000000000000, R11=0x00007ff2221222f4
R12=0x0000000000000000, R13=0x00000000746e656e, R14=0x000000006161762f, R15=0x0000000000002f6e
RIP=0x00007fff64917f49, EFLAGS=0x0000000000010202, ERR=0x0000000000000004
  TRAPNO=0x000000000000000e

Top of Stack: (sp=0x000070000c23c4d0)
0x000070000c23c4d0:   000070000c23c540 000000010d9f1006
0x000070000c23c4e0:   0000006e6b32e718 000000000000002f
0x000070000c23c4f0:   0000000000006c66 00007ff33633c400
0x000070000c23c500:   0000000000006964 00007ff334996e80
0x000070000c23c510:   00007ff334d73530 00007ff334996e80
0x000070000c23c520:   00007ff3363e8600 00000000000001c0
0x000070000c23c530:   0000000080ab4c0d 00007ff334e98860
0x000070000c23c540:   000070000c23c5a0 000000010d9f152d
0x000070000c23c550:   000070000c23c601 000070000c23c600
0x000070000c23c560:   0000004100000000 00000042015cb000
0x000070000c23c570:   000070000c23c5be 000070000c23ca08
0x000070000c23c580:   0000000000000042 000070000c23c5be
0x000070000c23c590:   00007ff334996e80 00007ff3375cb1f8
0x000070000c23c5a0:   000070000c23c9f0 000000010d9f0238
0x000070000c23c5b0:   00007ff3375cb000 454d000100000001
0x000070000c23c5c0:   722f464e492d4154 73656372756f7365
0x000070000c23c5d0:   6e65746e6f72662f 6e69646161762f64
0x000070000c23c5e0:   6c662d646972672d 63656c65732d776f
0x000070000c23c5f0:   6c6f632d6e6f6974 6c6d74682e6e6d75
0x000070000c23c600:   0000000111098700 000000080e66be74
0x000070000c23c610:   000000076b32ed90 00007ff337f3617a
0x000070000c23c620:   000070000c23c720 000000010e2d1790
0x000070000c23c630:   00000007c00a4570 0000000000000008
0x000070000c23c640:   000070000c23cb98 0000000116262874
0x000070000c23c650:   0000000000000005 00000007c00a4570
0x000070000c23c660:   000070000c23c680 000000010e59206a
0x000070000c23c670:   00007ff334d81ba0 00007ff3375cb000
0x000070000c23c680:   000070000c23c750 000000010e551892
0x000070000c23c690:   00007ff3375cb1f8 00000000000acce3
0x000070000c23c6a0:   000000076b32e5d0 000070000c23c7c0
0x000070000c23c6b0:   0000000115aebb21 00000006c049f100
0x000070000c23c6c0:   00000006c049f0d8 000000010ea3aab0 

Instructions: (pc=0x00007fff64917f49)
0x00007fff64917f29:   f3 48 89 f8 49 39 d3 72 1b 48 83 fa 60 76 2f 48
0x00007fff64917f39:   81 fa 00 40 00 00 0f 82 cb 00 00 00 48 89 d1 fc
0x00007fff64917f49:   f3 a4 5d c3 48 39 fe 74 f9 48 01 d6 48 01 d7 48
0x00007fff64917f59:   83 fa 60 0f 82 8c 01 00 00 e9 a9 01 00 00 48 83 

Register to memory mapping:

RAX=0x00007ff33633c400 is an unknown value
RBX=0x000000011421a0de is an unknown value
RCX=0x0000000000003a70 is an unknown value
RDX=0x0000000000006964 is an unknown value
RSP=0x000070000c23c4d0 is pointing into the stack for thread: 0x00007ff3375cb000
RBP=0x000070000c23c4d0 is pointing into the stack for thread: 0x00007ff3375cb000
RSI=0x000000011421d000 is an unknown value
RDI=0x00007ff33633f2f4 is an unknown value
R8 =0x0000000000000000 is an unknown value
R9 =0x000000000000800b is an unknown value
R10=0x0000000000000000 is an unknown value
R11=0x00007ff2221222f4 is an unknown value
R12=0x0000000000000000 is an unknown value
R13=0x00000000746e656e is an unknown value
R14=0x000000006161762f is an unknown value
R15=0x0000000000002f6e is an unknown value


Stack: [0x000070000c13f000,0x000070000c23f000],  sp=0x000070000c23c4d0,  free space=1013k
Native frames: (J=compiled Java code, j=interpreted, Vv=VM code, C=native code)
C  [libsystem_platform.dylib+0x4f49]  _platform_memmove$VARIANT$Haswell+0x29
C  [libzip.dylib+0x3006]  newEntry+0x2c8
C  [libzip.dylib+0x352d]  ZIP_GetEntry2+0xd4
C  [libzip.dylib+0x2238]  Java_java_util_zip_ZipFile_getEntry+0xcf
J 256  java.util.zip.ZipFile.getEntry(J[BZ)J (0 bytes) @ 0x0000000115c9108e [0x0000000115c90fc0+0xce]
J 7235 C2 java.util.jar.JarFile.getEntry(Ljava/lang/String;)Ljava/util/zip/ZipEntry; (22 bytes) @ 0x0000000116fe3b60 [0x0000000116fe37a0+0x3c0]
J 7082 C2 sun.net.www.protocol.jar.URLJarFile.getEntry(Ljava/lang/String;)Ljava/util/zip/ZipEntry; (69 bytes) @ 0x0000000116f7647c [0x0000000116f76440+0x3c]
J 10067 C1 sun.net.www.protocol.jar.JarURLConnection.connect()V (163 bytes) @ 0x00000001177fff2c [0x00000001177ff8c0+0x66c]
J 6883 C1 sun.net.www.protocol.jar.JarURLConnection.getInputStream()Ljava/io/InputStream; (97 bytes) @ 0x0000000116e77e6c [0x0000000116e77e00+0x6c]
j  com.vaadin.flow.server.StaticFileServer.writeModificationTimestamp(Ljava/net/URL;Ljavax/servlet/http/HttpServletRequest;Ljavax/servlet/http/HttpServletResponse;)J+48
j  com.vaadin.flow.server.StaticFileServer.serveStaticResource(Ljavax/servlet/http/HttpServletRequest;Ljavax/servlet/http/HttpServletResponse;)Z+43
J 10661 C1 com.vaadin.flow.server.VaadinServlet.serveStaticOrWebJarRequest(Ljavax/servlet/http/HttpServletRequest;Ljavax/servlet/http/HttpServletResponse;)Z (48 bytes) @ 0x0000000115e96d5c [0x0000000115e96b60+0x1fc]
J 10291 C1 com.vaadin.flow.server.VaadinServlet.service(Ljavax/servlet/http/HttpServletRequest;Ljavax/servlet/http/HttpServletResponse;)V (73 bytes) @ 0x000000011755b804 [0x000000011755b6c0+0x144]
J 10193 C1 javax.servlet.http.HttpServlet.service(Ljavax/servlet/ServletRequest;Ljavax/servlet/ServletResponse;)V (44 bytes) @ 0x00000001168151f4 [0x0000000116814c40+0x5b4]
J 8456 C1 org.eclipse.jetty.servlet.ServletHolder.handle(Lorg/eclipse/jetty/server/Request;Ljavax/servlet/ServletRequest;Ljavax/servlet/ServletResponse;)V (193 bytes) @ 0x0000000116e20a84 [0x0000000116e20160+0x924]
J 8097 C1 org.eclipse.jetty.servlet.ServletHandler.doHandle(Ljava/lang/String;Lorg/eclipse/jetty/server/Request;Ljavax/servlet/http/HttpServletRequest;Ljavax/servlet/http/HttpServletResponse;)V (242 bytes) @ 0x00000001172068a4 [0x00000001172052c0+0x15e4]
J 7968 C1 org.eclipse.jetty.server.handler.ScopedHandler.handle(Ljava/lang/String;Lorg/eclipse/jetty/server/Request;Ljavax/servlet/http/HttpServletRequest;Ljavax/servlet/http/HttpServletResponse;)V (36 bytes) @ 0x0000000116373354 [0x0000000116372fa0+0x3b4]
J 10088 C1 org.eclipse.jetty.security.SecurityHandler.handle(Ljava/lang/String;Lorg/eclipse/jetty/server/Request;Ljavax/servlet/http/HttpServletRequest;Ljavax/servlet/http/HttpServletResponse;)V (677 bytes) @ 0x0000000117440ff4 [0x000000011743ea40+0x25b4]
J 7888 C1 org.eclipse.jetty.server.handler.ScopedHandler.nextHandle(Ljava/lang/String;Lorg/eclipse/jetty/server/Request;Ljavax/servlet/http/HttpServletRequest;Ljavax/servlet/http/HttpServletResponse;)V (50 bytes) @ 0x0000000117188cec [0x0000000117188a60+0x28c]
J 10105 C1 org.eclipse.jetty.server.session.SessionHandler.doHandle(Ljava/lang/String;Lorg/eclipse/jetty/server/Request;Ljavax/servlet/http/HttpServletRequest;Ljavax/servlet/http/HttpServletResponse;)V (10 bytes) @ 0x00000001162bc36c [0x00000001162bc240+0x12c]
J 7888 C1 org.eclipse.jetty.server.handler.ScopedHandler.nextHandle(Ljava/lang/String;Lorg/eclipse/jetty/server/Request;Ljavax/servlet/http/HttpServletRequest;Ljavax/servlet/http/HttpServletResponse;)V (50 bytes) @ 0x0000000117188dbc [0x0000000117188a60+0x35c]
J 10071 C1 org.eclipse.jetty.server.handler.ContextHandler.doHandle(Ljava/lang/String;Lorg/eclipse/jetty/server/Request;Ljavax/servlet/http/HttpServletRequest;Ljavax/servlet/http/HttpServletResponse;)V (175 bytes) @ 0x0000000115ed2954 [0x0000000115ed1f80+0x9d4]
J 7957 C1 org.eclipse.jetty.server.handler.ScopedHandler.nextScope(Ljava/lang/String;Lorg/eclipse/jetty/server/Request;Ljavax/servlet/http/HttpServletRequest;Ljavax/servlet/http/HttpServletResponse;)V (54 bytes) @ 0x0000000115d559dc [0x0000000115d55820+0x1bc]
J 9509 C1 org.eclipse.jetty.servlet.ServletHandler.doScope(Ljava/lang/String;Lorg/eclipse/jetty/server/Request;Ljavax/servlet/http/HttpServletRequest;Ljavax/servlet/http/HttpServletResponse;)V (271 bytes) @ 0x00000001175f67ec [0x00000001175f5500+0x12ec]
J 9533 C1 org.eclipse.jetty.server.session.SessionHandler.doScope(Ljava/lang/String;Lorg/eclipse/jetty/server/Request;Ljavax/servlet/http/HttpServletRequest;Ljavax/servlet/http/HttpServletResponse;)V (484 bytes) @ 0x000000011763681c [0x0000000117634d80+0x1a9c]
J 7957 C1 org.eclipse.jetty.server.handler.ScopedHandler.nextScope(Ljava/lang/String;Lorg/eclipse/jetty/server/Request;Ljavax/servlet/http/HttpServletRequest;Ljavax/servlet/http/HttpServletResponse;)V (54 bytes) @ 0x0000000115d55b84 [0x0000000115d55820+0x364]
J 8096 C1 org.eclipse.jetty.server.handler.ContextHandler.doScope(Ljava/lang/String;Lorg/eclipse/jetty/server/Request;Ljavax/servlet/http/HttpServletRequest;Ljavax/servlet/http/HttpServletResponse;)V (569 bytes) @ 0x00000001171febc4 [0x00000001171fb000+0x3bc4]
J 7968 C1 org.eclipse.jetty.server.handler.ScopedHandler.handle(Ljava/lang/String;Lorg/eclipse/jetty/server/Request;Ljavax/servlet/http/HttpServletRequest;Ljavax/servlet/http/HttpServletResponse;)V (36 bytes) @ 0x0000000116373274 [0x0000000116372fa0+0x2d4]
J 10075 C1 org.eclipse.jetty.server.handler.ContextHandlerCollection.handle(Ljava/lang/String;Lorg/eclipse/jetty/server/Request;Ljavax/servlet/http/HttpServletRequest;Ljavax/servlet/http/HttpServletResponse;)V (296 bytes) @ 0x0000000116d9c3ec [0x0000000116d9b360+0x108c]
J 9472 C1 org.eclipse.jetty.server.handler.HandlerCollection.handle(Ljava/lang/String;Lorg/eclipse/jetty/server/Request;Ljavax/servlet/http/HttpServletRequest;Ljavax/servlet/http/HttpServletResponse;)V (128 bytes) @ 0x00000001175a334c [0x00000001175a3000+0x34c]
J 8099 C1 org.eclipse.jetty.server.Server.handle(Lorg/eclipse/jetty/server/HttpChannel;)V (208 bytes) @ 0x000000011720b834 [0x000000011720a0e0+0x1754]
J 9610 C1 org.eclipse.jetty.server.HttpChannel.handle()Z (1160 bytes) @ 0x00000001176b5a94 [0x00000001176b01c0+0x58d4]
J 9484 C1 org.eclipse.jetty.server.HttpConnection.onFillable()V (312 bytes) @ 0x00000001175b084c [0x00000001175af1e0+0x166c]
J 9483 C1 org.eclipse.jetty.io.AbstractConnection$ReadCallback.succeeded()V (8 bytes) @ 0x00000001175a9d14 [0x00000001175a9c00+0x114]
J 9482 C1 org.eclipse.jetty.io.FillInterest.fillable()V (99 bytes) @ 0x00000001175b86f4 [0x00000001175b7960+0xd94]
J 8049 C1 org.eclipse.jetty.io.ChannelEndPoint$2.run()V (11 bytes) @ 0x00000001171cc9a4 [0x00000001171cc800+0x1a4]
J 9501 C1 org.eclipse.jetty.util.thread.strategy.EatWhatYouKill.doProduce(Z)Z (565 bytes) @ 0x00000001175dae64 [0x00000001175d8100+0x2d64]
J 8101 C1 org.eclipse.jetty.util.thread.strategy.EatWhatYouKill.tryProduce(Z)V (158 bytes) @ 0x0000000117208e3c [0x0000000117207ee0+0xf5c]
J 8111 C1 org.eclipse.jetty.util.thread.strategy.EatWhatYouKill.run()V (6 bytes) @ 0x0000000117215acc [0x0000000117215a40+0x8c]
j  org.eclipse.jetty.util.thread.ReservedThreadExecutor$ReservedThread.run()V+203
J 8065 C1 org.eclipse.jetty.util.thread.QueuedThreadPool.runJob(Ljava/lang/Runnable;)V (7 bytes) @ 0x00000001171d0694 [0x00000001171d0580+0x114]
j  org.eclipse.jetty.util.thread.QueuedThreadPool$2.run()V+104
j  java.lang.Thread.run()V+11
v  ~StubRoutines::call_stub
V  [libjvm.dylib+0x2efcba]
V  [libjvm.dylib+0x2f045e]
V  [libjvm.dylib+0x2f060a]
V  [libjvm.dylib+0x34aef9]
V  [libjvm.dylib+0x56fa7f]
V  [libjvm.dylib+0x57117a]
V  [libjvm.dylib+0x48e342]
C  [libsystem_pthread.dylib+0x3661]  _pthread_body+0x154
C  [libsystem_pthread.dylib+0x350d]  _pthread_body+0x0
C  [libsystem_pthread.dylib+0x2bf9]  thread_start+0xd
C  0x0000000000000000

Java frames: (J=compiled Java code, j=interpreted, Vv=VM code)
J 256  java.util.zip.ZipFile.getEntry(J[BZ)J (0 bytes) @ 0x0000000115c91018 [0x0000000115c90fc0+0x58]
J 7235 C2 java.util.jar.JarFile.getEntry(Ljava/lang/String;)Ljava/util/zip/ZipEntry; (22 bytes) @ 0x0000000116fe3b60 [0x0000000116fe37a0+0x3c0]
J 7082 C2 sun.net.www.protocol.jar.URLJarFile.getEntry(Ljava/lang/String;)Ljava/util/zip/ZipEntry; (69 bytes) @ 0x0000000116f7647c [0x0000000116f76440+0x3c]
J 10067 C1 sun.net.www.protocol.jar.JarURLConnection.connect()V (163 bytes) @ 0x00000001177fff2c [0x00000001177ff8c0+0x66c]
J 6883 C1 sun.net.www.protocol.jar.JarURLConnection.getInputStream()Ljava/io/InputStream; (97 bytes) @ 0x0000000116e77e6c [0x0000000116e77e00+0x6c]
j  com.vaadin.flow.server.StaticFileServer.writeModificationTimestamp(Ljava/net/URL;Ljavax/servlet/http/HttpServletRequest;Ljavax/servlet/http/HttpServletResponse;)J+48
j  com.vaadin.flow.server.StaticFileServer.serveStaticResource(Ljavax/servlet/http/HttpServletRequest;Ljavax/servlet/http/HttpServletResponse;)Z+43
J 10661 C1 com.vaadin.flow.server.VaadinServlet.serveStaticOrWebJarRequest(Ljavax/servlet/http/HttpServletRequest;Ljavax/servlet/http/HttpServletResponse;)Z (48 bytes) @ 0x0000000115e96d5c [0x0000000115e96b60+0x1fc]
J 10291 C1 com.vaadin.flow.server.VaadinServlet.service(Ljavax/servlet/http/HttpServletRequest;Ljavax/servlet/http/HttpServletResponse;)V (73 bytes) @ 0x000000011755b804 [0x000000011755b6c0+0x144]
J 10193 C1 javax.servlet.http.HttpServlet.service(Ljavax/servlet/ServletRequest;Ljavax/servlet/ServletResponse;)V (44 bytes) @ 0x00000001168151f4 [0x0000000116814c40+0x5b4]
J 8456 C1 org.eclipse.jetty.servlet.ServletHolder.handle(Lorg/eclipse/jetty/server/Request;Ljavax/servlet/ServletRequest;Ljavax/servlet/ServletResponse;)V (193 bytes) @ 0x0000000116e20a84 [0x0000000116e20160+0x924]
J 8097 C1 org.eclipse.jetty.servlet.ServletHandler.doHandle(Ljava/lang/String;Lorg/eclipse/jetty/server/Request;Ljavax/servlet/http/HttpServletRequest;Ljavax/servlet/http/HttpServletResponse;)V (242 bytes) @ 0x00000001172068a4 [0x00000001172052c0+0x15e4]
J 7968 C1 org.eclipse.jetty.server.handler.ScopedHandler.handle(Ljava/lang/String;Lorg/eclipse/jetty/server/Request;Ljavax/servlet/http/HttpServletRequest;Ljavax/servlet/http/HttpServletResponse;)V (36 bytes) @ 0x0000000116373354 [0x0000000116372fa0+0x3b4]
J 10088 C1 org.eclipse.jetty.security.SecurityHandler.handle(Ljava/lang/String;Lorg/eclipse/jetty/server/Request;Ljavax/servlet/http/HttpServletRequest;Ljavax/servlet/http/HttpServletResponse;)V (677 bytes) @ 0x0000000117440ff4 [0x000000011743ea40+0x25b4]
J 7888 C1 org.eclipse.jetty.server.handler.ScopedHandler.nextHandle(Ljava/lang/String;Lorg/eclipse/jetty/server/Request;Ljavax/servlet/http/HttpServletRequest;Ljavax/servlet/http/HttpServletResponse;)V (50 bytes) @ 0x0000000117188cec [0x0000000117188a60+0x28c]
J 10105 C1 org.eclipse.jetty.server.session.SessionHandler.doHandle(Ljava/lang/String;Lorg/eclipse/jetty/server/Request;Ljavax/servlet/http/HttpServletRequest;Ljavax/servlet/http/HttpServletResponse;)V (10 bytes) @ 0x00000001162bc36c [0x00000001162bc240+0x12c]
J 7888 C1 org.eclipse.jetty.server.handler.ScopedHandler.nextHandle(Ljava/lang/String;Lorg/eclipse/jetty/server/Request;Ljavax/servlet/http/HttpServletRequest;Ljavax/servlet/http/HttpServletResponse;)V (50 bytes) @ 0x0000000117188dbc [0x0000000117188a60+0x35c]
J 10071 C1 org.eclipse.jetty.server.handler.ContextHandler.doHandle(Ljava/lang/String;Lorg/eclipse/jetty/server/Request;Ljavax/servlet/http/HttpServletRequest;Ljavax/servlet/http/HttpServletResponse;)V (175 bytes) @ 0x0000000115ed2954 [0x0000000115ed1f80+0x9d4]
J 7957 C1 org.eclipse.jetty.server.handler.ScopedHandler.nextScope(Ljava/lang/String;Lorg/eclipse/jetty/server/Request;Ljavax/servlet/http/HttpServletRequest;Ljavax/servlet/http/HttpServletResponse;)V (54 bytes) @ 0x0000000115d559dc [0x0000000115d55820+0x1bc]
J 9509 C1 org.eclipse.jetty.servlet.ServletHandler.doScope(Ljava/lang/String;Lorg/eclipse/jetty/server/Request;Ljavax/servlet/http/HttpServletRequest;Ljavax/servlet/http/HttpServletResponse;)V (271 bytes) @ 0x00000001175f67ec [0x00000001175f5500+0x12ec]
J 9533 C1 org.eclipse.jetty.server.session.SessionHandler.doScope(Ljava/lang/String;Lorg/eclipse/jetty/server/Request;Ljavax/servlet/http/HttpServletRequest;Ljavax/servlet/http/HttpServletResponse;)V (484 bytes) @ 0x000000011763681c [0x0000000117634d80+0x1a9c]
J 7957 C1 org.eclipse.jetty.server.handler.ScopedHandler.nextScope(Ljava/lang/String;Lorg/eclipse/jetty/server/Request;Ljavax/servlet/http/HttpServletRequest;Ljavax/servlet/http/HttpServletResponse;)V (54 bytes) @ 0x0000000115d55b84 [0x0000000115d55820+0x364]
J 8096 C1 org.eclipse.jetty.server.handler.ContextHandler.doScope(Ljava/lang/String;Lorg/eclipse/jetty/server/Request;Ljavax/servlet/http/HttpServletRequest;Ljavax/servlet/http/HttpServletResponse;)V (569 bytes) @ 0x00000001171febc4 [0x00000001171fb000+0x3bc4]
J 7968 C1 org.eclipse.jetty.server.handler.ScopedHandler.handle(Ljava/lang/String;Lorg/eclipse/jetty/server/Request;Ljavax/servlet/http/HttpServletRequest;Ljavax/servlet/http/HttpServletResponse;)V (36 bytes) @ 0x0000000116373274 [0x0000000116372fa0+0x2d4]
J 10075 C1 org.eclipse.jetty.server.handler.ContextHandlerCollection.handle(Ljava/lang/String;Lorg/eclipse/jetty/server/Request;Ljavax/servlet/http/HttpServletRequest;Ljavax/servlet/http/HttpServletResponse;)V (296 bytes) @ 0x0000000116d9c3ec [0x0000000116d9b360+0x108c]
J 9472 C1 org.eclipse.jetty.server.handler.HandlerCollection.handle(Ljava/lang/String;Lorg/eclipse/jetty/server/Request;Ljavax/servlet/http/HttpServletRequest;Ljavax/servlet/http/HttpServletResponse;)V (128 bytes) @ 0x00000001175a334c [0x00000001175a3000+0x34c]
J 8099 C1 org.eclipse.jetty.server.Server.handle(Lorg/eclipse/jetty/server/HttpChannel;)V (208 bytes) @ 0x000000011720b834 [0x000000011720a0e0+0x1754]
J 9610 C1 org.eclipse.jetty.server.HttpChannel.handle()Z (1160 bytes) @ 0x00000001176b5a94 [0x00000001176b01c0+0x58d4]
J 9484 C1 org.eclipse.jetty.server.HttpConnection.onFillable()V (312 bytes) @ 0x00000001175b084c [0x00000001175af1e0+0x166c]
J 9483 C1 org.eclipse.jetty.io.AbstractConnection$ReadCallback.succeeded()V (8 bytes) @ 0x00000001175a9d14 [0x00000001175a9c00+0x114]
J 9482 C1 org.eclipse.jetty.io.FillInterest.fillable()V (99 bytes) @ 0x00000001175b86f4 [0x00000001175b7960+0xd94]
J 8049 C1 org.eclipse.jetty.io.ChannelEndPoint$2.run()V (11 bytes) @ 0x00000001171cc9a4 [0x00000001171cc800+0x1a4]
J 9501 C1 org.eclipse.jetty.util.thread.strategy.EatWhatYouKill.doProduce(Z)Z (565 bytes) @ 0x00000001175dae64 [0x00000001175d8100+0x2d64]
J 8101 C1 org.eclipse.jetty.util.thread.strategy.EatWhatYouKill.tryProduce(Z)V (158 bytes) @ 0x0000000117208e3c [0x0000000117207ee0+0xf5c]
J 8111 C1 org.eclipse.jetty.util.thread.strategy.EatWhatYouKill.run()V (6 bytes) @ 0x0000000117215acc [0x0000000117215a40+0x8c]
j  org.eclipse.jetty.util.thread.ReservedThreadExecutor$ReservedThread.run()V+203
J 8065 C1 org.eclipse.jetty.util.thread.QueuedThreadPool.runJob(Ljava/lang/Runnable;)V (7 bytes) @ 0x00000001171d0694 [0x00000001171d0580+0x114]
j  org.eclipse.jetty.util.thread.QueuedThreadPool$2.run()V+104
j  java.lang.Thread.run()V+11
v  ~StubRoutines::call_stub

---------------  P R O C E S S  ---------------

Java Threads: ( => current thread )
  0x00007ff337df7000 JavaThread "Atmosphere-Scheduler-9" daemon [_thread_blocked, id=40559, stack(0x000070000a9fa000,0x000070000aafa000)]
  0x00007ff336a4c800 JavaThread "Atmosphere-Scheduler-9" daemon [_thread_blocked, id=23043, stack(0x000070000be36000,0x000070000bf36000)]
  0x00007ff33590a000 JavaThread "qtp1636256669-1221" [_thread_in_vm, id=38423, stack(0x000070000bd33000,0x000070000be33000)]
  0x00007ff33797c800 JavaThread "com.google.inject.internal.util.$Finalizer" daemon [_thread_blocked, id=22051, stack(0x000070000ba2a000,0x000070000bb2a000)]
  0x00007ff33797b800 JavaThread "Atmosphere-Scheduler-8" daemon [_thread_blocked, id=43019, stack(0x000070000af09000,0x000070000b009000)]
  0x00007ff337b58800 JavaThread "Atmosphere-Scheduler-7" daemon [_thread_blocked, id=37639, stack(0x000070000b295000,0x000070000b395000)]
  0x00007ff337861000 JavaThread "qtp1636256669-1211" [_thread_blocked, id=26447, stack(0x000070000a8f7000,0x000070000a9f7000)]
  0x00007ff335bcd800 JavaThread "qtp1636256669-1206" [_thread_blocked, id=39451, stack(0x000070000b192000,0x000070000b292000)]
  0x00007ff337a7d800 JavaThread "Scheduler-248554162" [_thread_blocked, id=25639, stack(0x000070000b08f000,0x000070000b18f000)]
  0x00007ff336e85000 JavaThread "PathWatcher@65fc8edc" daemon [_thread_blocked, id=24611, stack(0x000070000bc30000,0x000070000bd30000)]
  0x00007ff3367da800 JavaThread "Thread-39" daemon [_thread_blocked, id=27971, stack(0x000070000bb2d000,0x000070000bc2d000)]
  0x00007ff337caf000 JavaThread "qtp1636256669-1188" [_thread_in_native, id=21883, stack(0x000070000b824000,0x000070000b924000)]
  0x00007ff3325fe000 JavaThread "qtp1636256669-1187" [_thread_blocked, id=23703, stack(0x000070000b61e000,0x000070000b71e000)]
  0x00007ff336ff1800 JavaThread "qtp1636256669-1174" [_thread_in_native, id=27407, stack(0x000070000a7f4000,0x000070000a8f4000)]
  0x00007ff336ea2800 JavaThread "qtp1636256669-1173" [_thread_blocked, id=38671, stack(0x0000700009538000,0x0000700009638000)]
  0x00007ff33797a800 JavaThread "qtp1636256669-446" [_thread_in_vm, id=26239, stack(0x000070000b418000,0x000070000b518000)]
  0x00007ff337883000 JavaThread "com.google.inject.internal.util.$Finalizer" daemon [_thread_blocked, id=19259, stack(0x000070000ad03000,0x000070000ae03000)]
  0x00007ff336c9f000 JavaThread "qtp1636256669-181" [_thread_in_Java, id=41231, stack(0x000070000ae06000,0x000070000af06000)]
=>0x00007ff3375cb000 JavaThread "qtp1636256669-157" [_thread_in_native, id=37891, stack(0x000070000c13f000,0x000070000c23f000)]
  0x00007ff333896800 JavaThread "Scheduler-225137455" [_thread_blocked, id=39683, stack(0x000070000b721000,0x000070000b821000)]
  0x00007ff333480000 JavaThread "qtp1636256669-137-acceptor-0@3f93cbb3-ServerConnector@26d028f7{HTTP/1.1,[http/1.1]}{0.0.0.0:8080}" [_thread_in_native, id=40195, stack(0x000070000b51b000,0x000070000b61b000)]
  0x00007ff33248d000 JavaThread "qtp1636256669-132" [_thread_in_Java, id=22295, stack(0x000070000ac00000,0x000070000ad00000)]
  0x00007ff336434000 JavaThread "qtp1636256669-131" [_thread_in_Java, id=40963, stack(0x000070000aafd000,0x000070000abfd000)]
  0x00007ff33089c000 JavaThread "Service Thread" daemon [_thread_blocked, id=14339, stack(0x000070000a5ee000,0x000070000a6ee000)]
  0x00007ff32f871000 JavaThread "C1 CompilerThread2" daemon [_thread_blocked, id=16131, stack(0x000070000a4eb000,0x000070000a5eb000)]
  0x00007ff32f852000 JavaThread "C2 CompilerThread1" daemon [_thread_blocked, id=13827, stack(0x000070000a3e8000,0x000070000a4e8000)]
  0x00007ff330883000 JavaThread "C2 CompilerThread0" daemon [_thread_blocked, id=16899, stack(0x000070000a2e5000,0x000070000a3e5000)]
  0x00007ff331002000 JavaThread "JDWP Command Reader" daemon [_thread_in_native, id=13571, stack(0x000070000a1e2000,0x000070000a2e2000)]
  0x00007ff330849000 JavaThread "JDWP Event Helper Thread" daemon [_thread_blocked, id=13059, stack(0x000070000a0df000,0x000070000a1df000)]
  0x00007ff331000800 JavaThread "JDWP Transport Listener: dt_socket" daemon [_thread_blocked, id=17415, stack(0x0000700009fdc000,0x000070000a0dc000)]
  0x00007ff33001a000 JavaThread "Signal Dispatcher" daemon [_thread_blocked, id=17931, stack(0x0000700009ed9000,0x0000700009fd9000)]
  0x00007ff331012800 JavaThread "Finalizer" daemon [_thread_blocked, id=11523, stack(0x0000700009dd6000,0x0000700009ed6000)]
  0x00007ff330814000 JavaThread "Reference Handler" daemon [_thread_blocked, id=11267, stack(0x0000700009cd3000,0x0000700009dd3000)]
  0x00007ff330819000 JavaThread "main" [_thread_blocked, id=6147, stack(0x00007000096c1000,0x00007000097c1000)]

Other Threads:
  0x00007ff32f832800 VMThread [stack: 0x0000700009bd0000,0x0000700009cd0000] [id=20739]
  0x00007ff32f872000 WatcherThread [stack: 0x000070000a6f1000,0x000070000a7f1000] [id=14595]

VM state:not at safepoint (normal execution)

VM Mutex/Monitor currently owned by a thread: None

Heap:
 PSYoungGen      total 545280K, used 115059K [0x000000076ab00000, 0x0000000798c80000, 0x00000007c0000000)
  eden space 438272K, 3% used [0x000000076ab00000,0x000000076bc14890,0x0000000785700000)
  from space 107008K, 91% used [0x0000000785700000,0x000000078b648420,0x000000078bf80000)
  to   space 121344K, 0% used [0x0000000791600000,0x0000000791600000,0x0000000798c80000)
 ParOldGen       total 174080K, used 43355K [0x00000006c0000000, 0x00000006caa00000, 0x000000076ab00000)
  object space 174080K, 24% used [0x00000006c0000000,0x00000006c2a56e48,0x00000006caa00000)
 Metaspace       used 52270K, capacity 55242K, committed 59160K, reserved 1101824K
  class space    used 6397K, capacity 6963K, committed 7704K, reserved 1048576K

Card table byte_map: [0x000000010f574000,0x000000010fd75000] byte_map_base: 0x000000010bf74000

Marking Bits: (ParMarkBitMap*) 0x000000010eaf9cd0
 Begin Bits: [0x0000000124ad2000, 0x0000000128ad2000)
 End Bits:   [0x0000000128ad2000, 0x000000012cad2000)

Polling page: 0x000000010d900000

CodeCache: size=245760Kb used=30436Kb max_used=30454Kb free=215323Kb
 bounds [0x0000000115ad2000, 0x00000001178c2000, 0x0000000124ad2000]
 total_blobs=8968 nmethods=8485 adapters=404
 compilation: enabled

Compilation events (10 events):
Event: 15491.212 Thread 0x00007ff32f871000 10739       3       java.io.FilterInputStream::read (9 bytes)
Event: 15491.212 Thread 0x00007ff32f871000 nmethod 10739 0x00000001176550d0 code [0x0000000117655240, 0x0000000117655488]
Event: 15491.213 Thread 0x00007ff330883000 nmethod 10738 0x0000000116f61010 code [0x0000000116f61ac0, 0x0000000116f63f38]
Event: 15491.255 Thread 0x00007ff32f852000 10740       4       java.lang.ThreadLocal$ThreadLocalMap::set (136 bytes)
Event: 15491.272 Thread 0x00007ff32f852000 nmethod 10740 0x0000000116f60210 code [0x0000000116f603c0, 0x0000000116f60af8]
Event: 15491.303 Thread 0x00007ff330883000 10741       4       java.nio.channels.spi.AbstractInterruptibleChannel::end (50 bytes)
Event: 15491.430 Thread 0x00007ff330883000 nmethod 10741 0x0000000116f65dd0 code [0x0000000116f65f40, 0x0000000116f66278]
Event: 15491.470 Thread 0x00007ff32f871000 10742       3       java.io.BufferedInputStream::<init> (9 bytes)
Event: 15491.470 Thread 0x00007ff32f871000 nmethod 10742 0x0000000116f68ad0 code [0x0000000116f68c80, 0x0000000116f69168]
Event: 15491.471 Thread 0x00007ff32f871000 10743   !   3       java.text.DecimalFormatSymbols::clone (18 bytes)

GC Heap History (10 events):
Event: 15288.756 GC heap before
{Heap before GC invocations=50 (full 3):
 PSYoungGen      total 415744K, used 27412K [0x000000076ab00000, 0x000000078cc00000, 0x00000007c0000000)
  eden space 321536K, 0% used [0x000000076ab00000,0x000000076ab00000,0x000000077e500000)
  from space 94208K, 29% used [0x000000077e500000,0x000000077ffc5138,0x0000000784100000)
  to   space 88064K, 0% used [0x0000000787600000,0x0000000787600000,0x000000078cc00000)
 ParOldGen       total 145920K, used 115361K [0x00000006c0000000, 0x00000006c8e80000, 0x000000076ab00000)
  object space 145920K, 79% used [0x00000006c0000000,0x00000006c70a8460,0x00000006c8e80000)
 Metaspace       used 55448K, capacity 59104K, committed 59160K, reserved 1101824K
  class space    used 6935K, capacity 7649K, committed 7704K, reserved 1048576K
Event: 15288.973 GC heap after
Heap after GC invocations=50 (full 3):
 PSYoungGen      total 415744K, used 0K [0x000000076ab00000, 0x000000078cc00000, 0x00000007c0000000)
  eden space 321536K, 0% used [0x000000076ab00000,0x000000076ab00000,0x000000077e500000)
  from space 94208K, 0% used [0x000000077e500000,0x000000077e500000,0x0000000784100000)
  to   space 88064K, 0% used [0x0000000787600000,0x0000000787600000,0x000000078cc00000)
 ParOldGen       total 174080K, used 43323K [0x00000006c0000000, 0x00000006caa00000, 0x000000076ab00000)
  object space 174080K, 24% used [0x00000006c0000000,0x00000006c2a4ee48,0x00000006caa00000)
 Metaspace       used 48146K, capacity 50710K, committed 59160K, reserved 1101824K
  class space    used 5807K, capacity 6328K, committed 7704K, reserved 1048576K
}
Event: 15296.694 GC heap before
{Heap before GC invocations=51 (full 3):
 PSYoungGen      total 415744K, used 321536K [0x000000076ab00000, 0x000000078cc00000, 0x00000007c0000000)
  eden space 321536K, 100% used [0x000000076ab00000,0x000000077e500000,0x000000077e500000)
  from space 94208K, 0% used [0x000000077e500000,0x000000077e500000,0x0000000784100000)
  to   space 88064K, 0% used [0x0000000787600000,0x0000000787600000,0x000000078cc00000)
 ParOldGen       total 174080K, used 43323K [0x00000006c0000000, 0x00000006caa00000, 0x000000076ab00000)
  object space 174080K, 24% used [0x00000006c0000000,0x00000006c2a4ee48,0x00000006caa00000)
 Metaspace       used 49084K, capacity 51872K, committed 59160K, reserved 1101824K
  class space    used 5966K, capacity 6503K, committed 7704K, reserved 1048576K
Event: 15296.810 GC heap after
Heap after GC invocations=51 (full 3):
 PSYoungGen      total 461312K, used 68238K [0x000000076ab00000, 0x000000078e000000, 0x00000007c0000000)
  eden space 373248K, 0% used [0x000000076ab00000,0x000000076ab00000,0x0000000781780000)
  from space 88064K, 77% used [0x0000000787600000,0x000000078b8a3b98,0x000000078cc00000)
  to   space 96768K, 0% used [0x0000000781780000,0x0000000781780000,0x0000000787600000)
 ParOldGen       total 174080K, used 43331K [0x00000006c0000000, 0x00000006caa00000, 0x000000076ab00000)
  object space 174080K, 24% used [0x00000006c0000000,0x00000006c2a50e48,0x00000006caa00000)
 Metaspace       used 49084K, capacity 51872K, committed 59160K, reserved 1101824K
  class space    used 5966K, capacity 6503K, committed 7704K, reserved 1048576K
}
Event: 15367.307 GC heap before
{Heap before GC invocations=52 (full 3):
 PSYoungGen      total 461312K, used 441486K [0x000000076ab00000, 0x000000078e000000, 0x00000007c0000000)
  eden space 373248K, 100% used [0x000000076ab00000,0x0000000781780000,0x0000000781780000)
  from space 88064K, 77% used [0x0000000787600000,0x000000078b8a3b98,0x000000078cc00000)
  to   space 96768K, 0% used [0x0000000781780000,0x0000000781780000,0x0000000787600000)
 ParOldGen       total 174080K, used 43331K [0x00000006c0000000, 0x00000006caa00000, 0x000000076ab00000)
  object space 174080K, 24% used [0x00000006c0000000,0x00000006c2a50e48,0x00000006caa00000)
 Metaspace       used 49146K, capacity 51932K, committed 59160K, reserved 1101824K
  class space    used 5971K, capacity 6511K, committed 7704K, reserved 1048576K
Event: 15367.413 GC heap after
Heap after GC invocations=52 (full 3):
 PSYoungGen      total 470016K, used 76225K [0x000000076ab00000, 0x0000000792880000, 0x00000007c0000000)
  eden space 373248K, 0% used [0x000000076ab00000,0x000000076ab00000,0x0000000781780000)
  from space 96768K, 78% used [0x0000000781780000,0x00000007861f0728,0x0000000787600000)
  to   space 105984K, 0% used [0x000000078c100000,0x000000078c100000,0x0000000792880000)
 ParOldGen       total 174080K, used 43339K [0x00000006c0000000, 0x00000006caa00000, 0x000000076ab00000)
  object space 174080K, 24% used [0x00000006c0000000,0x00000006c2a52e48,0x00000006caa00000)
 Metaspace       used 49146K, capacity 51932K, committed 59160K, reserved 1101824K
  class space    used 5971K, capacity 6511K, committed 7704K, reserved 1048576K
}
Event: 15474.069 GC heap before
{Heap before GC invocations=53 (full 3):
 PSYoungGen      total 470016K, used 449473K [0x000000076ab00000, 0x0000000792880000, 0x00000007c0000000)
  eden space 373248K, 100% used [0x000000076ab00000,0x0000000781780000,0x0000000781780000)
  from space 96768K, 78% used [0x0000000781780000,0x00000007861f0728,0x0000000787600000)
  to   space 105984K, 0% used [0x000000078c100000,0x000000078c100000,0x0000000792880000)
 ParOldGen       total 174080K, used 43339K [0x00000006c0000000, 0x00000006caa00000, 0x000000076ab00000)
  object space 174080K, 24% used [0x00000006c0000000,0x00000006c2a52e48,0x00000006caa00000)
 Metaspace       used 52010K, capacity 54856K, committed 59160K, reserved 1101824K
  class space    used 6359K, capacity 6902K, committed 7704K, reserved 1048576K
Event: 15474.170 GC heap after
Heap after GC invocations=53 (full 3):
 PSYoungGen      total 543744K, used 59236K [0x000000076ab00000, 0x0000000792800000, 0x00000007c0000000)
  eden space 438272K, 0% used [0x000000076ab00000,0x000000076ab00000,0x0000000785700000)
  from space 105472K, 56% used [0x000000078c100000,0x000000078fad9028,0x0000000792800000)
  to   space 107008K, 0% used [0x0000000785700000,0x0000000785700000,0x000000078bf80000)
 ParOldGen       total 174080K, used 43347K [0x00000006c0000000, 0x00000006caa00000, 0x000000076ab00000)
  object space 174080K, 24% used [0x00000006c0000000,0x00000006c2a54e48,0x00000006caa00000)
 Metaspace       used 52010K, capacity 54856K, committed 59160K, reserved 1101824K
  class space    used 6359K, capacity 6902K, committed 7704K, reserved 1048576K
}
Event: 15491.306 GC heap before
{Heap before GC invocations=54 (full 3):
 PSYoungGen      total 543744K, used 497508K [0x000000076ab00000, 0x0000000792800000, 0x00000007c0000000)
  eden space 438272K, 100% used [0x000000076ab00000,0x0000000785700000,0x0000000785700000)
  from space 105472K, 56% used [0x000000078c100000,0x000000078fad9028,0x0000000792800000)
  to   space 107008K, 0% used [0x0000000785700000,0x0000000785700000,0x000000078bf80000)
 ParOldGen       total 174080K, used 43347K [0x00000006c0000000, 0x00000006caa00000, 0x000000076ab00000)
  object space 174080K, 24% used [0x00000006c0000000,0x00000006c2a54e48,0x00000006caa00000)
 Metaspace       used 52270K, capacity 55242K, committed 59160K, reserved 1101824K
  class space    used 6397K, capacity 6963K, committed 7704K, reserved 1048576K
Event: 15491.425 GC heap after
Heap after GC invocations=54 (full 3):
 PSYoungGen      total 545280K, used 97569K [0x000000076ab00000, 0x0000000798c80000, 0x00000007c0000000)
  eden space 438272K, 0% used [0x000000076ab00000,0x000000076ab00000,0x0000000785700000)
  from space 107008K, 91% used [0x0000000785700000,0x000000078b648420,0x000000078bf80000)
  to   space 121344K, 0% used [0x0000000791600000,0x0000000791600000,0x0000000798c80000)
 ParOldGen       total 174080K, used 43355K [0x00000006c0000000, 0x00000006caa00000, 0x000000076ab00000)
  object space 174080K, 24% used [0x00000006c0000000,0x00000006c2a56e48,0x00000006caa00000)
 Metaspace       used 52270K, capacity 55242K, committed 59160K, reserved 1101824K
  class space    used 6397K, capacity 6963K, committed 7704K, reserved 1048576K
}

Deoptimization events (10 events):
Event: 15491.470 Thread 0x00007ff337caf000 Uncommon trap: reason=unhandled action=none pc=0x0000000116edf3fc method=sun.net.www.protocol.jar.JarURLConnection.connect()V @ 156
Event: 15491.470 Thread 0x00007ff33797a800 Uncommon trap: reason=unhandled action=none pc=0x00000001176c1d1c method=sun.nio.fs.UnixException.rethrowAsIOException(Lsun/nio/fs/UnixPath;Lsun/nio/fs/UnixPath;)V @ 38
Event: 15491.470 Thread 0x00007ff33590a000 Uncommon trap: reason=unhandled action=none pc=0x0000000116edf3fc method=sun.net.www.protocol.jar.JarURLConnection.connect()V @ 156
Event: 15491.470 Thread 0x00007ff337caf000 Uncommon trap: reason=unhandled action=none pc=0x0000000116edf3fc method=sun.net.www.protocol.jar.JarURLConnection.connect()V @ 156
Event: 15491.470 Thread 0x00007ff33797a800 Uncommon trap: reason=unhandled action=none pc=0x00000001176c1d1c method=sun.nio.fs.UnixException.rethrowAsIOException(Lsun/nio/fs/UnixPath;Lsun/nio/fs/UnixPath;)V @ 38
Event: 15491.470 Thread 0x00007ff33590a000 Uncommon trap: reason=unhandled action=none pc=0x0000000116edf3fc method=sun.net.www.protocol.jar.JarURLConnection.connect()V @ 156
Event: 15491.471 Thread 0x00007ff337caf000 Uncommon trap: reason=unhandled action=none pc=0x0000000116edf3fc method=sun.net.www.protocol.jar.JarURLConnection.connect()V @ 156
Event: 15491.471 Thread 0x00007ff336c9f000 Uncommon trap: reason=unhandled action=none pc=0x00000001176c1d1c method=sun.nio.fs.UnixException.rethrowAsIOException(Lsun/nio/fs/UnixPath;Lsun/nio/fs/UnixPath;)V @ 38
Event: 15491.471 Thread 0x00007ff33797a800 Uncommon trap: reason=unhandled action=none pc=0x00000001176c1d1c method=sun.nio.fs.UnixException.rethrowAsIOException(Lsun/nio/fs/UnixPath;Lsun/nio/fs/UnixPath;)V @ 38
Event: 15491.471 Thread 0x00007ff33590a000 Uncommon trap: reason=unhandled action=none pc=0x0000000116edf3fc method=sun.net.www.protocol.jar.JarURLConnection.connect()V @ 156

Classes redefined (10 events):
Event: 15243.259 Thread 0x00007ff32f832800 redefined class name=com.vaadin.starter.skeleton.Benefit, count=2
Event: 15243.294 Thread 0x00007ff32f832800 redefined class name=com.vaadin.starter.skeleton.MainView, count=2
Event: 15243.333 Thread 0x00007ff32f832800 redefined class name=com.vaadin.starter.skeleton.Person$Address, count=1
Event: 15243.368 Thread 0x00007ff32f832800 redefined class name=com.vaadin.starter.skeleton.Person$Address, count=2
Event: 15243.402 Thread 0x00007ff32f832800 redefined class name=com.vaadin.starter.skeleton.Person, count=1
Event: 15243.437 Thread 0x00007ff32f832800 redefined class name=com.vaadin.starter.skeleton.Person, count=2
Event: 15243.468 Thread 0x00007ff32f832800 redefined class name=com.vaadin.starter.skeleton.basicusage.BasicGrid, count=1
Event: 15243.499 Thread 0x00007ff32f832800 redefined class name=com.vaadin.starter.skeleton.basicusage.BasicGrid, count=2
Event: 15243.530 Thread 0x00007ff32f832800 redefined class name=com.vaadin.starter.skeleton.configuringcolumns.ConfiguringColumns, count=1
Event: 15243.561 Thread 0x00007ff32f832800 redefined class name=com.vaadin.starter.skeleton.headerandfooter.ColumnGrouping, count=2

Internal exceptions (10 events):
Event: 15491.469 Thread 0x00007ff336c9f000 Exception <a 'sun/nio/fs/UnixException'> (0x000000076b4bb9c0) thrown at [/Users/java_re/workspace/8-2-build-macosx-x86_64/jdk8u181/11358/hotspot/src/share/vm/prims/jni.cpp, line 709]
Event: 15491.469 Thread 0x00007ff336c9f000 Exception <a 'sun/nio/fs/UnixException'> (0x000000076b4bcbb0) thrown at [/Users/java_re/workspace/8-2-build-macosx-x86_64/jdk8u181/11358/hotspot/src/share/vm/prims/jni.cpp, line 709]
Event: 15491.470 Thread 0x00007ff336c9f000 Exception <a 'sun/nio/fs/UnixException'> (0x000000076b4bd3c8) thrown at [/Users/java_re/workspace/8-2-build-macosx-x86_64/jdk8u181/11358/hotspot/src/share/vm/prims/jni.cpp, line 709]
Event: 15491.470 Thread 0x00007ff33797a800 Exception <a 'sun/nio/fs/UnixException'> (0x000000076b691b90) thrown at [/Users/java_re/workspace/8-2-build-macosx-x86_64/jdk8u181/11358/hotspot/src/share/vm/prims/jni.cpp, line 709]
Event: 15491.470 Thread 0x00007ff33797a800 Exception <a 'sun/nio/fs/UnixException'> (0x000000076b692b98) thrown at [/Users/java_re/workspace/8-2-build-macosx-x86_64/jdk8u181/11358/hotspot/src/share/vm/prims/jni.cpp, line 709]
Event: 15491.470 Thread 0x00007ff33797a800 Exception <a 'sun/nio/fs/UnixException'> (0x000000076b693398) thrown at [/Users/java_re/workspace/8-2-build-macosx-x86_64/jdk8u181/11358/hotspot/src/share/vm/prims/jni.cpp, line 709]
Event: 15491.470 Thread 0x00007ff33797a800 Exception <a 'sun/nio/fs/UnixException'> (0x000000076b693ba8) thrown at [/Users/java_re/workspace/8-2-build-macosx-x86_64/jdk8u181/11358/hotspot/src/share/vm/prims/jni.cpp, line 709]
Event: 15491.471 Thread 0x00007ff336c9f000 Exception <a 'sun/nio/fs/UnixException'> (0x000000076b4bdbd8) thrown at [/Users/java_re/workspace/8-2-build-macosx-x86_64/jdk8u181/11358/hotspot/src/share/vm/prims/jni.cpp, line 709]
Event: 15491.471 Thread 0x00007ff33797a800 Exception <a 'sun/nio/fs/UnixException'> (0x000000076b694448) thrown at [/Users/java_re/workspace/8-2-build-macosx-x86_64/jdk8u181/11358/hotspot/src/share/vm/prims/jni.cpp, line 709]
Event: 15491.471 Thread 0x00007ff336c9f000 Exception <a 'sun/nio/fs/UnixException'> (0x000000076b4be478) thrown at [/Users/java_re/workspace/8-2-build-macosx-x86_64/jdk8u181/11358/hotspot/src/share/vm/prims/jni.cpp, line 709]

Events (10 events):
Event: 15491.471 Thread 0x00007ff337caf000 DEOPT PACKING pc=0x0000000115fd74f0 sp=0x000070000b921660
Event: 15491.471 Thread 0x00007ff337caf000 DEOPT UNPACKING pc=0x0000000115b19784 sp=0x000070000b921320 mode 1
Event: 15491.471 Thread 0x00007ff336c9f000 Uncommon trap: trap_request=0xffffffa7 fr.pc=0x00000001176c1d1c
Event: 15491.471 Thread 0x00007ff33797a800 Uncommon trap: trap_request=0xffffffa7 fr.pc=0x00000001176c1d1c
Event: 15491.471 Thread 0x00007ff336c9f000 DEOPT PACKING pc=0x00000001176c1d1c sp=0x000070000af03430
Event: 15491.471 Thread 0x00007ff33797a800 DEOPT PACKING pc=0x00000001176c1d1c sp=0x000070000b515650
Event: 15491.471 Thread 0x00007ff336c9f000 DEOPT UNPACKING pc=0x0000000115b1773a sp=0x000070000af033f8 mode 2
Event: 15491.471 Thread 0x00007ff33797a800 DEOPT UNPACKING pc=0x0000000115b1773a sp=0x000070000b515618 mode 2
Event: 15491.471 Thread 0x00007ff33590a000 Uncommon trap: trap_request=0xffffffa7 fr.pc=0x0000000116edf3fc
Event: 15491.471 Thread 0x00007ff337caf000 Uncommon trap: trap_request=0xffffffa7 fr.pc=0x0000000116edf3fc


Dynamic libraries:
0x00007fff3bf8b000 	/System/Library/Frameworks/Cocoa.framework/Versions/A/Cocoa
0x00007fff485a5000 	/System/Library/Frameworks/Security.framework/Versions/A/Security
0x00007fff3abcd000 	/System/Library/Frameworks/ApplicationServices.framework/Versions/A/ApplicationServices
0x00007fff643ee000 	/usr/lib/libz.1.dylib
0x00007fff6231f000 	/usr/lib/libSystem.B.dylib
0x00007fff639d8000 	/usr/lib/libobjc.A.dylib
0x00007fff3c73e000 	/System/Library/Frameworks/CoreFoundation.framework/Versions/A/CoreFoundation
0x00007fff3e89f000 	/System/Library/Frameworks/Foundation.framework/Versions/C/Foundation
0x00007fff39d1d000 	/System/Library/Frameworks/AppKit.framework/Versions/C/AppKit
0x00007fff3c303000 	/System/Library/Frameworks/CoreData.framework/Versions/A/CoreData
0x00007fff5bc5f000 	/System/Library/PrivateFrameworks/RemoteViewServices.framework/Versions/A/RemoteViewServices
0x00007fff603c4000 	/System/Library/PrivateFrameworks/UIFoundation.framework/Versions/A/UIFoundation
0x00007fff50a6d000 	/System/Library/PrivateFrameworks/DFRFoundation.framework/Versions/A/DFRFoundation
0x00007fff40f0b000 	/System/Library/Frameworks/Metal.framework/Versions/A/Metal
0x00007fff50c0a000 	/System/Library/PrivateFrameworks/DesktopServicesPriv.framework/Versions/A/DesktopServicesPriv
0x00007fff62f25000 	/usr/lib/libenergytrace.dylib
0x00007fff5e42f000 	/System/Library/PrivateFrameworks/SkyLight.framework/Versions/A/SkyLight
0x00007fff3cbe1000 	/System/Library/Frameworks/CoreGraphics.framework/Versions/A/CoreGraphics
0x00007fff6231a000 	/usr/lib/libScreenReader.dylib
0x00007fff38cb7000 	/System/Library/Frameworks/Accelerate.framework/Versions/A/Accelerate
0x00007fff3f019000 	/System/Library/Frameworks/IOSurface.framework/Versions/A/IOSurface
0x00007fff3b117000 	/System/Library/Frameworks/AudioToolbox.framework/Versions/A/AudioToolbox
0x00007fff3b3a7000 	/System/Library/Frameworks/AudioUnit.framework/Versions/A/AudioUnit
0x00007fff50b05000 	/System/Library/PrivateFrameworks/DataDetectorsCore.framework/Versions/A/DataDetectorsCore
0x00007fff3ba7e000 	/System/Library/Frameworks/Carbon.framework/Versions/A/Frameworks/HIToolbox.framework/Versions/A/HIToolbox
0x00007fff6307f000 	/usr/lib/libicucore.A.dylib
0x00007fff47b23000 	/System/Library/Frameworks/QuartzCore.framework/Versions/A/QuartzCore
0x00007fff5d6e6000 	/System/Library/PrivateFrameworks/SignpostNotification.framework/Versions/A/SignpostNotification
0x00007fff3be64000 	/System/Library/Frameworks/Carbon.framework/Versions/A/Frameworks/SpeechRecognition.framework/Versions/A/SpeechRecognition
0x00007fff6247b000 	/usr/lib/libauto.dylib
0x00007fff642dd000 	/usr/lib/libxml2.2.dylib
0x00007fff506be000 	/System/Library/PrivateFrameworks/CoreUI.framework/Versions/A/CoreUI
0x00007fff3c1df000 	/System/Library/Frameworks/CoreAudio.framework/Versions/A/CoreAudio
0x00007fff3e6d9000 	/System/Library/Frameworks/DiskArbitration.framework/Versions/A/DiskArbitration
0x00007fff632f3000 	/usr/lib/liblangid.dylib
0x00007fff58169000 	/System/Library/PrivateFrameworks/MultitouchSupport.framework/Versions/A/MultitouchSupport
0x00007fff3ef7c000 	/System/Library/Frameworks/IOKit.framework/Versions/A/IOKit
0x00007fff61fa9000 	/usr/lib/libDiagnosticMessagesClient.dylib
0x00007fff3d8b7000 	/System/Library/Frameworks/CoreServices.framework/Versions/A/CoreServices
0x00007fff59c9b000 	/System/Library/PrivateFrameworks/PerformanceAnalysis.framework/Versions/A/PerformanceAnalysis
0x00007fff46cc5000 	/System/Library/Frameworks/OpenGL.framework/Versions/A/OpenGL
0x00007fff3bf99000 	/System/Library/Frameworks/ColorSync.framework/Versions/A/ColorSync
0x00007fff3d1f3000 	/System/Library/Frameworks/CoreImage.framework/Versions/A/CoreImage
0x00007fff3e247000 	/System/Library/Frameworks/CoreText.framework/Versions/A/CoreText
0x00007fff3f077000 	/System/Library/Frameworks/ImageIO.framework/Versions/A/ImageIO
0x00007fff4d3b5000 	/System/Library/PrivateFrameworks/Backup.framework/Versions/A/Backup
0x00007fff623cb000 	/usr/lib/libarchive.2.dylib
0x00007fff3b6ca000 	/System/Library/Frameworks/CFNetwork.framework/Versions/A/CFNetwork
0x00007fff48d38000 	/System/Library/Frameworks/SystemConfiguration.framework/Versions/A/SystemConfiguration
0x00007fff61ed2000 	/usr/lib/libCRFSuite.dylib
0x00007fff62554000 	/usr/lib/libc++.1.dylib
0x00007fff625ab000 	/usr/lib/libc++abi.dylib
0x00007fff6449c000 	/usr/lib/system/libcache.dylib
0x00007fff644a1000 	/usr/lib/system/libcommonCrypto.dylib
0x00007fff644ac000 	/usr/lib/system/libcompiler_rt.dylib
0x00007fff644b4000 	/usr/lib/system/libcopyfile.dylib
0x00007fff644be000 	/usr/lib/system/libcorecrypto.dylib
0x00007fff645cb000 	/usr/lib/system/libdispatch.dylib
0x00007fff64605000 	/usr/lib/system/libdyld.dylib
0x00007fff64623000 	/usr/lib/system/libkeymgr.dylib
0x00007fff64631000 	/usr/lib/system/liblaunch.dylib
0x00007fff64632000 	/usr/lib/system/libmacho.dylib
0x00007fff64637000 	/usr/lib/system/libquarantine.dylib
0x00007fff6463a000 	/usr/lib/system/libremovefile.dylib
0x00007fff6463c000 	/usr/lib/system/libsystem_asl.dylib
0x00007fff64654000 	/usr/lib/system/libsystem_blocks.dylib
0x00007fff64655000 	/usr/lib/system/libsystem_c.dylib
0x00007fff646df000 	/usr/lib/system/libsystem_configuration.dylib
0x00007fff646e3000 	/usr/lib/system/libsystem_coreservices.dylib
0x00007fff646e7000 	/usr/lib/system/libsystem_darwin.dylib
0x00007fff646e9000 	/usr/lib/system/libsystem_dnssd.dylib
0x00007fff646f0000 	/usr/lib/system/libsystem_info.dylib
0x00007fff64761000 	/usr/lib/system/libsystem_m.dylib
0x00007fff647ad000 	/usr/lib/system/libsystem_malloc.dylib
0x00007fff647cd000 	/usr/lib/system/libsystem_network.dylib
0x00007fff648fe000 	/usr/lib/system/libsystem_networkextension.dylib
0x00007fff64909000 	/usr/lib/system/libsystem_notify.dylib
0x00007fff64927000 	/usr/lib/system/libsystem_sandbox.dylib
0x00007fff6492b000 	/usr/lib/system/libsystem_secinit.dylib
0x00007fff6473a000 	/usr/lib/system/libsystem_kernel.dylib
0x00007fff64913000 	/usr/lib/system/libsystem_platform.dylib
0x00007fff6491b000 	/usr/lib/system/libsystem_pthread.dylib
0x00007fff6492d000 	/usr/lib/system/libsystem_symptoms.dylib
0x00007fff64935000 	/usr/lib/system/libsystem_trace.dylib
0x00007fff6494a000 	/usr/lib/system/libunwind.dylib
0x00007fff64950000 	/usr/lib/system/libxpc.dylib
0x00007fff61de5000 	/usr/lib/closure/libclosured.dylib
0x00007fff62535000 	/usr/lib/libbsm.0.dylib
0x00007fff64624000 	/usr/lib/system/libkxld.dylib
0x00007fff621e3000 	/usr/lib/libOpenScriptingUtil.dylib
0x00007fff628a4000 	/usr/lib/libcoretls.dylib
0x00007fff628bd000 	/usr/lib/libcoretls_cfhelpers.dylib
0x00007fff63dd9000 	/usr/lib/libpam.2.dylib
0x00007fff63f00000 	/usr/lib/libsqlite3.dylib
0x00007fff642cc000 	/usr/lib/libxar.1.dylib
0x00007fff62546000 	/usr/lib/libbz2.1.0.dylib
0x00007fff632f5000 	/usr/lib/liblzma.5.dylib
0x00007fff637d6000 	/usr/lib/libnetwork.dylib
0x00007fff623b4000 	/usr/lib/libapple_nghttp2.dylib
0x00007fff63de0000 	/usr/lib/libpcap.A.dylib
0x00007fff6247c000 	/usr/lib/libboringssl.dylib
0x00007fff64267000 	/usr/lib/libusrtcp.dylib
0x00007fff623b3000 	/usr/lib/libapple_crypto.dylib
0x00007fff3dc3a000 	/System/Library/Frameworks/CoreServices.framework/Versions/A/Frameworks/FSEvents.framework/Versions/A/FSEvents
0x00007fff3d92d000 	/System/Library/Frameworks/CoreServices.framework/Versions/A/Frameworks/CarbonCore.framework/Versions/A/CarbonCore
0x00007fff3de01000 	/System/Library/Frameworks/CoreServices.framework/Versions/A/Frameworks/Metadata.framework/Versions/A/Metadata
0x00007fff3deb2000 	/System/Library/Frameworks/CoreServices.framework/Versions/A/Frameworks/OSServices.framework/Versions/A/OSServices
0x00007fff3df13000 	/System/Library/Frameworks/CoreServices.framework/Versions/A/Frameworks/SearchKit.framework/Versions/A/SearchKit
0x00007fff3d8b8000 	/System/Library/Frameworks/CoreServices.framework/Versions/A/Frameworks/AE.framework/Versions/A/AE
0x00007fff3dc43000 	/System/Library/Frameworks/CoreServices.framework/Versions/A/Frameworks/LaunchServices.framework/Versions/A/LaunchServices
0x00007fff3dc05000 	/System/Library/Frameworks/CoreServices.framework/Versions/A/Frameworks/DictionaryServices.framework/Versions/A/DictionaryServices
0x00007fff3df82000 	/System/Library/Frameworks/CoreServices.framework/Versions/A/Frameworks/SharedFileList.framework/Versions/A/SharedFileList
0x00007fff42141000 	/System/Library/Frameworks/NetFS.framework/Versions/A/NetFS
0x00007fff583fa000 	/System/Library/PrivateFrameworks/NetAuth.framework/Versions/A/NetAuth
0x00007fff61c7c000 	/System/Library/PrivateFrameworks/login.framework/Versions/A/Frameworks/loginsupport.framework/Versions/A/loginsupport
0x00007fff60041000 	/System/Library/PrivateFrameworks/TCC.framework/Versions/A/TCC
0x00007fff633d6000 	/usr/lib/libmecabra.dylib
0x00007fff3abce000 	/System/Library/Frameworks/ApplicationServices.framework/Versions/A/Frameworks/ATS.framework/Versions/A/ATS
0x00007fff3af7c000 	/System/Library/Frameworks/ApplicationServices.framework/Versions/A/Frameworks/ColorSyncLegacy.framework/Versions/A/ColorSyncLegacy
0x00007fff3b020000 	/System/Library/Frameworks/ApplicationServices.framework/Versions/A/Frameworks/HIServices.framework/Versions/A/HIServices
0x00007fff3b073000 	/System/Library/Frameworks/ApplicationServices.framework/Versions/A/Frameworks/LangAnalysis.framework/Versions/A/LangAnalysis
0x00007fff3b082000 	/System/Library/Frameworks/ApplicationServices.framework/Versions/A/Frameworks/PrintCore.framework/Versions/A/PrintCore
0x00007fff3b0cf000 	/System/Library/Frameworks/ApplicationServices.framework/Versions/A/Frameworks/QD.framework/Versions/A/QD
0x00007fff3b10a000 	/System/Library/Frameworks/ApplicationServices.framework/Versions/A/Frameworks/SpeechSynthesis.framework/Versions/A/SpeechSynthesis
0x00007fff3c65a000 	/System/Library/Frameworks/CoreDisplay.framework/Versions/A/CoreDisplay
0x00007fff38ccf000 	/System/Library/Frameworks/Accelerate.framework/Versions/A/Frameworks/vImage.framework/Versions/A/vImage
0x00007fff39a29000 	/System/Library/Frameworks/Accelerate.framework/Versions/A/Frameworks/vecLib.framework/Versions/A/vecLib
0x00007fff397c9000 	/System/Library/Frameworks/Accelerate.framework/Versions/A/Frameworks/vecLib.framework/Versions/A/libvDSP.dylib
0x00007fff39329000 	/System/Library/Frameworks/Accelerate.framework/Versions/A/Frameworks/vecLib.framework/Versions/A/libBNNS.dylib
0x00007fff3972e000 	/System/Library/Frameworks/Accelerate.framework/Versions/A/Frameworks/vecLib.framework/Versions/A/libQuadrature.dylib
0x00007fff39977000 	/System/Library/Frameworks/Accelerate.framework/Versions/A/Frameworks/vecLib.framework/Versions/A/libvMisc.dylib
0x00007fff39358000 	/System/Library/Frameworks/Accelerate.framework/Versions/A/Frameworks/vecLib.framework/Versions/A/libLAPACK.dylib
0x00007fff391ce000 	/System/Library/Frameworks/Accelerate.framework/Versions/A/Frameworks/vecLib.framework/Versions/A/libBLAS.dylib
0x00007fff39718000 	/System/Library/Frameworks/Accelerate.framework/Versions/A/Frameworks/vecLib.framework/Versions/A/libLinearAlgebra.dylib
0x00007fff39734000 	/System/Library/Frameworks/Accelerate.framework/Versions/A/Frameworks/vecLib.framework/Versions/A/libSparse.dylib
0x00007fff397b5000 	/System/Library/Frameworks/Accelerate.framework/Versions/A/Frameworks/vecLib.framework/Versions/A/libSparseBLAS.dylib
0x00007fff55249000 	/System/Library/PrivateFrameworks/GPUWrangler.framework/Versions/A/GPUWrangler
0x00007fff569da000 	/System/Library/PrivateFrameworks/IOAccelerator.framework/Versions/A/IOAccelerator
0x00007fff569e5000 	/System/Library/PrivateFrameworks/IOPresentment.framework/Versions/A/IOPresentment
0x00007fff50a7f000 	/System/Library/PrivateFrameworks/DSExternalDisplay.framework/Versions/A/DSExternalDisplay
0x00007fff46144000 	/System/Library/Frameworks/OpenGL.framework/Versions/A/Libraries/libCoreFSCache.dylib
0x00007fff3e398000 	/System/Library/Frameworks/CoreVideo.framework/Versions/A/CoreVideo
0x00007fff55fc4000 	/System/Library/PrivateFrameworks/GraphVisualizer.framework/Versions/A/GraphVisualizer
0x00007fff41142000 	/System/Library/Frameworks/MetalPerformanceShaders.framework/Versions/A/MetalPerformanceShaders
0x00007fff61fe1000 	/usr/lib/libFosl_dynamic.dylib
0x00007fff51b53000 	/System/Library/PrivateFrameworks/FaceCore.framework/Versions/A/FaceCore
0x00007fff44f3f000 	/System/Library/Frameworks/OpenCL.framework/Versions/A/OpenCL
0x00007fff625e2000 	/usr/lib/libcompression.dylib
0x00007fff3accd000 	/System/Library/Frameworks/ApplicationServices.framework/Versions/A/Frameworks/ATS.framework/Versions/A/Resources/libFontParser.dylib
0x00007fff3adf0000 	/System/Library/Frameworks/ApplicationServices.framework/Versions/A/Frameworks/ATS.framework/Versions/A/Resources/libFontRegistry.dylib
0x00007fff3f2df000 	/System/Library/Frameworks/ImageIO.framework/Versions/A/Resources/libJPEG.dylib
0x00007fff3f608000 	/System/Library/Frameworks/ImageIO.framework/Versions/A/Resources/libTIFF.dylib
0x00007fff3f5de000 	/System/Library/Frameworks/ImageIO.framework/Versions/A/Resources/libPng.dylib
0x00007fff3f1f2000 	/System/Library/Frameworks/ImageIO.framework/Versions/A/Resources/libGIF.dylib
0x00007fff3f1f7000 	/System/Library/Frameworks/ImageIO.framework/Versions/A/Resources/libJP2.dylib
0x00007fff3f605000 	/System/Library/Frameworks/ImageIO.framework/Versions/A/Resources/libRadiance.dylib
0x00007fff4cae0000 	/System/Library/PrivateFrameworks/AppleJPEG.framework/Versions/A/AppleJPEG
0x00007fff40fa9000 	/System/Library/Frameworks/MetalPerformanceShaders.framework/Frameworks/MPSCore.framework/Versions/A/MPSCore
0x00007fff40fc5000 	/System/Library/Frameworks/MetalPerformanceShaders.framework/Frameworks/MPSImage.framework/Versions/A/MPSImage
0x00007fff4105a000 	/System/Library/Frameworks/MetalPerformanceShaders.framework/Frameworks/MPSNeuralNetwork.framework/Versions/A/MPSNeuralNetwork
0x00007fff41035000 	/System/Library/Frameworks/MetalPerformanceShaders.framework/Frameworks/MPSMatrix.framework/Versions/A/MPSMatrix
0x00007fff57edb000 	/System/Library/PrivateFrameworks/MetalTools.framework/Versions/A/MetalTools
0x00007fff4630f000 	/System/Library/Frameworks/OpenGL.framework/Versions/A/Libraries/libGLU.dylib
0x00007fff4614f000 	/System/Library/Frameworks/OpenGL.framework/Versions/A/Libraries/libGFXShared.dylib
0x00007fff46159000 	/System/Library/Frameworks/OpenGL.framework/Versions/A/Libraries/libGL.dylib
0x00007fff46165000 	/System/Library/Frameworks/OpenGL.framework/Versions/A/Libraries/libGLImage.dylib
0x00007fff46141000 	/System/Library/Frameworks/OpenGL.framework/Versions/A/Libraries/libCVMSPluginSupport.dylib
0x00007fff4614a000 	/System/Library/Frameworks/OpenGL.framework/Versions/A/Libraries/libCoreVMClient.dylib
0x00007fff62d8f000 	/usr/lib/libcups.2.dylib
0x00007fff40510000 	/System/Library/Frameworks/Kerberos.framework/Versions/A/Kerberos
0x00007fff3ecd6000 	/System/Library/Frameworks/GSS.framework/Versions/A/GSS
0x00007fff63e93000 	/usr/lib/libresolv.9.dylib
0x00007fff62f8d000 	/usr/lib/libiconv.2.dylib
0x00007fff56056000 	/System/Library/PrivateFrameworks/Heimdal.framework/Versions/A/Heimdal
0x00007fff62f5c000 	/usr/lib/libheimdal-asn1.dylib
0x00007fff44fb7000 	/System/Library/Frameworks/OpenDirectory.framework/Versions/A/OpenDirectory
0x00007fff4edf6000 	/System/Library/PrivateFrameworks/CommonAuth.framework/Versions/A/CommonAuth
0x00007fff44f9a000 	/System/Library/Frameworks/OpenDirectory.framework/Versions/A/Frameworks/CFOpenDirectory.framework/Versions/A/CFOpenDirectory
0x00007fff488d1000 	/System/Library/Frameworks/SecurityFoundation.framework/Versions/A/SecurityFoundation
0x00007fff4bca5000 	/System/Library/PrivateFrameworks/APFS.framework/Versions/A/APFS
0x00007fff642c8000 	/usr/lib/libutil.dylib
0x00007fff4cb63000 	/System/Library/PrivateFrameworks/AppleSauce.framework/Versions/A/AppleSauce
0x00007fff571c2000 	/System/Library/PrivateFrameworks/LinguisticData.framework/Versions/A/LinguisticData
0x00007fff6330f000 	/usr/lib/libmarisa.dylib
0x00007fff5717c000 	/System/Library/PrivateFrameworks/Lexicon.framework/Versions/A/Lexicon
0x00007fff61f0c000 	/usr/lib/libChineseTokenizer.dylib
0x00007fff625d1000 	/usr/lib/libcmph.dylib
0x00007fff57086000 	/System/Library/PrivateFrameworks/LanguageModeling.framework/Versions/A/LanguageModeling
0x00007fff4f905000 	/System/Library/PrivateFrameworks/CoreEmoji.framework/Versions/A/CoreEmoji
0x00007fff4898f000 	/System/Library/Frameworks/ServiceManagement.framework/Versions/A/ServiceManagement
0x00007fff4d3ad000 	/System/Library/PrivateFrameworks/BackgroundTaskManagement.framework/Versions/A/BackgroundTaskManagement
0x00007fff643c5000 	/usr/lib/libxslt.1.dylib
0x00007fff3bd8e000 	/System/Library/Frameworks/Carbon.framework/Versions/A/Frameworks/Ink.framework/Versions/A/Ink
0x00007fff60256000 	/System/Library/PrivateFrameworks/TextureIO.framework/Versions/A/TextureIO
0x00007fff623f6000 	/usr/lib/libate.dylib
0x00007fff509df000 	/System/Library/PrivateFrameworks/CrashReporterSupport.framework/Versions/A/CrashReporterSupport
0x00007fff5d5a6000 	/System/Library/PrivateFrameworks/Sharing.framework/Versions/A/Sharing
0x00007fff56dc7000 	/System/Library/PrivateFrameworks/IconServices.framework/Versions/A/IconServices
0x00007fff4cfdd000 	/System/Library/PrivateFrameworks/AuthKit.framework/Versions/A/AuthKit
0x00007fff4c963000 	/System/Library/PrivateFrameworks/Apple80211.framework/Versions/A/Apple80211
0x00007fff507f4000 	/System/Library/PrivateFrameworks/CoreUtils.framework/Versions/A/CoreUtils
0x00007fff3e3d3000 	/System/Library/Frameworks/CoreWLAN.framework/Versions/A/CoreWLAN
0x00007fff3ee18000 	/System/Library/Frameworks/IOBluetooth.framework/Versions/A/IOBluetooth
0x00007fff5ba6a000 	/System/Library/PrivateFrameworks/ProtocolBuffer.framework/Versions/A/ProtocolBuffer
0x00007fff580c4000 	/System/Library/PrivateFrameworks/MobileKeyBag.framework/Versions/A/MobileKeyBag
0x00007fff500a9000 	/System/Library/PrivateFrameworks/CorePhoneNumbers.framework/Versions/A/CorePhoneNumbers
0x00007fff4ca9b000 	/System/Library/PrivateFrameworks/AppleIDAuthSupport.framework/Versions/A/AppleIDAuthSupport
0x00007fff57072000 	/System/Library/PrivateFrameworks/KeychainCircle.framework/Versions/A/KeychainCircle
0x00007fff5097a000 	/System/Library/PrivateFrameworks/CoreWiFi.framework/Versions/A/CoreWiFi
0x00007fff3c2d9000 	/System/Library/Frameworks/CoreBluetooth.framework/Versions/A/CoreBluetooth
0x00007fff50bc9000 	/System/Library/PrivateFrameworks/DebugSymbols.framework/Versions/A/DebugSymbols
0x00007fff505aa000 	/System/Library/PrivateFrameworks/CoreSymbolication.framework/Versions/A/CoreSymbolication
0x00007fff5fa47000 	/System/Library/PrivateFrameworks/Symbolication.framework/Versions/A/Symbolication
0x00007fff4c98d000 	/System/Library/PrivateFrameworks/AppleFSCompression.framework/Versions/A/AppleFSCompression
0x00007fff5ee94000 	/System/Library/PrivateFrameworks/SpeechRecognitionCore.framework/Versions/A/SpeechRecognitionCore
0x000000010e200000 	/Library/Java/JavaVirtualMachines/jdk1.8.0_181.jdk/Contents/Home/jre/lib/server/libjvm.dylib
0x00007fff64195000 	/usr/lib/libstdc++.6.0.9.dylib
0x000000010d8bc000 	/Library/Java/JavaVirtualMachines/jdk1.8.0_181.jdk/Contents/Home/jre/lib/libverify.dylib
0x000000010d8ca000 	/Library/Java/JavaVirtualMachines/jdk1.8.0_181.jdk/Contents/Home/jre/lib/libjava.dylib
0x000000010d901000 	/Library/Java/JavaVirtualMachines/jdk1.8.0_181.jdk/Contents/Home/jre/lib/libjdwp.dylib
0x000000010d94c000 	/Library/Java/JavaVirtualMachines/jdk1.8.0_181.jdk/Contents/Home/jre/lib/libnpt.dylib
0x000000010d950000 	/Library/Java/JavaVirtualMachines/jdk1.8.0_181.jdk/Contents/Home/jre/lib/libinstrument.dylib
0x000000010d9ee000 	/Library/Java/JavaVirtualMachines/jdk1.8.0_181.jdk/Contents/Home/jre/lib/libzip.dylib
0x0000000113f85000 	/Library/Java/JavaVirtualMachines/jdk1.8.0_181.jdk/Contents/Home/jre/lib/libdt_socket.dylib
0x0000000114294000 	/Library/Java/JavaVirtualMachines/jdk1.8.0_181.jdk/Contents/Home/jre/lib/libnet.dylib
0x0000000114086000 	/Library/Java/JavaVirtualMachines/jdk1.8.0_181.jdk/Contents/Home/jre/lib/libnio.dylib
0x0000000114018000 	/Library/Java/JavaVirtualMachines/jdk1.8.0_181.jdk/Contents/Home/jre/lib/libsunec.dylib
0x0000000114b38000 	/Library/Java/JavaVirtualMachines/jdk1.8.0_181.jdk/Contents/Home/jre/lib/libmanagement.dylib

VM Arguments:
jvm_args: -agentlib:jdwp=transport=dt_socket,suspend=y,address=localhost:51427 -Dmaven.home=EMBEDDED -Dclassworlds.conf=/Users/shadikhani/eclipse-workspace/.metadata/.plugins/org.eclipse.m2e.launching/launches/m2conf7254764877563750564.tmp -Dmaven.multiModuleProjectDirectory=/Users/shadikhani/Downloads/my-app1119 -javaagent:/Users/shadikhani/eclipse/java-photon/Eclipse.app/Contents/Eclipse/configuration/org.eclipse.osgi/231/0/.cp/lib/javaagent-shaded.jar -Dfile.encoding=UTF-8 
java_command: org.codehaus.plexus.classworlds.launcher.Launcher -B jetty:run
java_class_path (initial): /Users/shadikhani/.p2/pool/plugins/org.eclipse.m2e.maven.runtime_1.9.0.20180606-2035/jars/plexus-classworlds-2.5.2.jar:/Users/shadikhani/eclipse/java-photon/Eclipse.app/Contents/Eclipse/configuration/org.eclipse.osgi/231/0/.cp/lib/javaagent-shaded.jar
Launcher Type: SUN_STANDARD

Environment Variables:
PATH=/usr/bin:/bin:/usr/sbin:/sbin
SHELL=/bin/bash

Signal Handlers:
SIGSEGV: [libjvm.dylib+0x5b6029], sa_mask[0]=11111111011111110111111111111111, sa_flags=SA_ONSTACK|SA_RESTART|SA_SIGINFO
SIGBUS: [libjvm.dylib+0x5b6029], sa_mask[0]=11111111011111110111111111111111, sa_flags=SA_RESTART|SA_SIGINFO
SIGFPE: [libjvm.dylib+0x48b934], sa_mask[0]=11111111011111110111111111111111, sa_flags=SA_RESTART|SA_SIGINFO
SIGPIPE: [libjvm.dylib+0x48b934], sa_mask[0]=11111111011111110111111111111111, sa_flags=SA_RESTART|SA_SIGINFO
SIGXFSZ: [libjvm.dylib+0x48b934], sa_mask[0]=11111111011111110111111111111111, sa_flags=SA_RESTART|SA_SIGINFO
SIGILL: [libjvm.dylib+0x48b934], sa_mask[0]=11111111011111110111111111111111, sa_flags=SA_RESTART|SA_SIGINFO
SIGUSR1: SIG_DFL, sa_mask[0]=00000000000000000000000000000000, sa_flags=none
SIGUSR2: [libjvm.dylib+0x48b452], sa_mask[0]=00100000000000000000000000000000, sa_flags=SA_RESTART|SA_SIGINFO
SIGHUP: [libjvm.dylib+0x489a1d], sa_mask[0]=11111111011111110111111111111111, sa_flags=SA_RESTART|SA_SIGINFO
SIGINT: [libjvm.dylib+0x489a1d], sa_mask[0]=11111111011111110111111111111111, sa_flags=SA_RESTART|SA_SIGINFO
SIGTERM: [libjvm.dylib+0x489a1d], sa_mask[0]=11111111011111110111111111111111, sa_flags=SA_RESTART|SA_SIGINFO
SIGQUIT: [libjvm.dylib+0x489a1d], sa_mask[0]=11111111011111110111111111111111, sa_flags=SA_RESTART|SA_SIGINFO


---------------  S Y S T E M  ---------------

OS:Bsduname:Darwin 17.7.0 Darwin Kernel Version 17.7.0: Thu Jun 21 22:53:14 PDT 2018; root:xnu-4570.71.2~1/RELEASE_X86_64 x86_64
rlimit: STACK 8192k, CORE 0k, NPROC 1418, NOFILE 10240, AS infinity
load average:2.07 2.14 2.13

CPU:total 4 (initial active 4) (2 cores per cpu, 2 threads per core) family 6 model 142 stepping 9, cmov, cx8, fxsr, mmx, sse, sse2, sse3, ssse3, sse4.1, sse4.2, popcnt, avx, avx2, aes, clmul, erms, 3dnowpref, lzcnt, ht, tsc, tscinvbit, bmi1, bmi2, adx

Memory: 4k page, physical 16777216k(3948944k free)

/proc/meminfo:


vm_info: Java HotSpot(TM) 64-Bit Server VM (25.181-b13) for bsd-amd64 JRE (1.8.0_181-b13), built on Jul  7 2018 01:02:31 by "java_re" with gcc 4.2.1 (Based on Apple Inc. build 5658) (LLVM build 2336.11.00)

time: Mon Dec  3 10:32:45 2018
elapsed time: 15491 seconds (0d 4h 18m 11s)

